#
# There is insufficient memory for the Java Runtime Environment to continue.
# Native memory allocation (malloc) failed to allocate 32784 bytes for Chunk::new
# Possible reasons:
#   The system is out of physical RAM or swap space
#   The process is running with CompressedOops enabled, and the Java Heap may be blocking the growth of the native heap
# Possible solutions:
#   Reduce memory load on the system
#   Increase physical memory or swap space
#   Check if swap backing store is full
#   Decrease Java heap size (-Xmx/-Xms)
#   Decrease number of Java threads
#
#  
# JRE version: OpenJDK Runtime Environment (18.0.1.1+2) (build 18.0.1.1+2-6)
# Java VM: OpenJDK 64-Bit Server VM (18.0.1.1+2-6, mixed mode, sharing, tiered, compressed oops, compressed class ptrs, g1 gc, windows-amd64)
# No core dump will be written. Minidumps are not enabled by default on client versions of Windows
#

---------------  S U M M A R Y ------------

Command Line: -javaagent:D:\IntelliJ IDEA 2021.3.3\lib\idea_rt.jar=64123:D:\IntelliJ IDEA 2021.3.3\bin -Dfile.encoding=UTF-8 com.company.Main

Host: AMD Ryzen 5 2500U with Radeon Vega Mobile Gfx  , 8 cores, 6G,  Windows 10 , 64 bit Build 18362 (10.0.18362.1500)
Time: Mon Jan  9 08:47:51 2023 RTZ 7 (зима) elapsed time: 366.372478 seconds (0d 0h 6m 6s)

---------------  T H R E A D  ---------------

Current thread (0x000002af250435d0):  JavaThread "C2 CompilerThread0" daemon [_thread_in_native, id=18676, stack(0x000000af9d000000,0x000000af9d100000)]


Current CompileTask:
C2: 366373 1103       4       com.google.common.collect.AbstractIterator::hasNext (65 bytes)

Stack: [0x000000af9d000000,0x000000af9d100000]
Native frames: (J=compiled Java code, j=interpreted, Vv=VM code, C=native code)
V  [jvm.dll+0x69887a]
V  [jvm.dll+0x7f38bd]
V  [jvm.dll+0x7f51ce]
V  [jvm.dll+0x7f5883]
V  [jvm.dll+0x25ca3f]
V  [jvm.dll+0xb8c2f]
V  [jvm.dll+0xb8fa5]
V  [jvm.dll+0xb8d4b]
V  [jvm.dll+0x6bd5c2]
V  [jvm.dll+0x1be293]
V  [jvm.dll+0x6bbc7d]
V  [jvm.dll+0x237e95]
V  [jvm.dll+0x23122f]
V  [jvm.dll+0x22eeeb]
V  [jvm.dll+0x1b9cfc]
V  [jvm.dll+0x23e8ca]
V  [jvm.dll+0x23cbb5]
V  [jvm.dll+0x7a5fb1]
V  [jvm.dll+0x7a03ea]
V  [jvm.dll+0x697725]
C  [ucrtbase.dll+0x210b2]
C  [KERNEL32.DLL+0x17c24]
C  [ntdll.dll+0x6d721]


---------------  P R O C E S S  ---------------

Threads class SMR info:
_java_thread_list=0x000002af295fc0b0, length=14, elements={
0x000002af078431c0, 0x000002af25022c80, 0x000002af250241c0, 0x000002af2503ffd0,
0x000002af25040880, 0x000002af25042140, 0x000002af250429f0, 0x000002af250435d0,
0x000002af250563a0, 0x000002af250ad810, 0x000002af2500e510, 0x000002af2954c8b0,
0x000002af2954cd70, 0x000002af2950d0d0
}

Java Threads: ( => current thread )
  0x000002af078431c0 JavaThread "main" [_thread_in_native, id=25912, stack(0x000000af9c300000,0x000000af9c400000)]
  0x000002af25022c80 JavaThread "Reference Handler" daemon [_thread_blocked, id=11812, stack(0x000000af9ca00000,0x000000af9cb00000)]
  0x000002af250241c0 JavaThread "Finalizer" daemon [_thread_blocked, id=23924, stack(0x000000af9cb00000,0x000000af9cc00000)]
  0x000002af2503ffd0 JavaThread "Signal Dispatcher" daemon [_thread_blocked, id=22424, stack(0x000000af9cc00000,0x000000af9cd00000)]
  0x000002af25040880 JavaThread "Attach Listener" daemon [_thread_blocked, id=14076, stack(0x000000af9cd00000,0x000000af9ce00000)]
  0x000002af25042140 JavaThread "Service Thread" daemon [_thread_blocked, id=34172, stack(0x000000af9ce00000,0x000000af9cf00000)]
  0x000002af250429f0 JavaThread "Monitor Deflation Thread" daemon [_thread_blocked, id=23596, stack(0x000000af9cf00000,0x000000af9d000000)]
=>0x000002af250435d0 JavaThread "C2 CompilerThread0" daemon [_thread_in_native, id=18676, stack(0x000000af9d000000,0x000000af9d100000)]
  0x000002af250563a0 JavaThread "C1 CompilerThread0" daemon [_thread_blocked, id=21580, stack(0x000000af9d100000,0x000000af9d200000)]
  0x000002af250ad810 JavaThread "Sweeper thread" daemon [_thread_blocked, id=33960, stack(0x000000af9d200000,0x000000af9d300000)]
  0x000002af2500e510 JavaThread "Common-Cleaner" daemon [_thread_blocked, id=572, stack(0x000000af9d300000,0x000000af9d400000)]
  0x000002af2954c8b0 JavaThread "Monitor Ctrl-Break" daemon [_thread_in_native, id=17136, stack(0x000000af9d400000,0x000000af9d500000)]
  0x000002af2954cd70 JavaThread "Notification Thread" daemon [_thread_blocked, id=8740, stack(0x000000af9d500000,0x000000af9d600000)]
  0x000002af2950d0d0 JavaThread "Thread-2" [_thread_in_native, id=33040, stack(0x000000af9d700000,0x000000af9d800000)]

Other Threads:
  0x000002af078b6110 VMThread "VM Thread" [stack: 0x000000af9c900000,0x000000af9ca00000] [id=17204]
  0x000002af07844160 WatcherThread "VM Periodic Task Thread" [stack: 0x000000af9d600000,0x000000af9d700000] [id=30032]
  0x000002af0789d390 WorkerThread "GC Thread#0" [stack: 0x000000af9c400000,0x000000af9c500000] [id=37836]
  0x000002af056d5e50 WorkerThread "GC Thread#1" [stack: 0x000000af9c000000,0x000000af9c100000] [id=29576]
  0x000002af2a019660 WorkerThread "GC Thread#2" [stack: 0x000000af9c100000,0x000000af9c200000] [id=28340]
  0x000002af29a403a0 WorkerThread "GC Thread#3" [stack: 0x000000af9c200000,0x000000af9c300000] [id=20388]
  0x000002af29c5edc0 WorkerThread "GC Thread#4" [stack: 0x000000af9d900000,0x000000af9da00000] [id=9844]
  0x000002af29c5f060 WorkerThread "GC Thread#5" [stack: 0x000000af9da00000,0x000000af9db00000] [id=25200]
  0x000002af298be3e0 WorkerThread "GC Thread#6" [stack: 0x000000af9db00000,0x000000af9dc00000] [id=3032]
  0x000002af078abfc0 ConcurrentGCThread "G1 Main Marker" [stack: 0x000000af9c500000,0x000000af9c600000] [id=19856]
  0x000002af078ae160 WorkerThread "G1 Conc#0" [stack: 0x000000af9c600000,0x000000af9c700000] [id=14916]
  0x000002af078faa00 ConcurrentGCThread "G1 Refine#0" [stack: 0x000000af9c700000,0x000000af9c800000] [id=7844]
  0x000002af078fb310 ConcurrentGCThread "G1 Service" [stack: 0x000000af9c800000,0x000000af9c900000] [id=13480]

Threads with active compile tasks:
C2 CompilerThread0   366430 1103       4       com.google.common.collect.AbstractIterator::hasNext (65 bytes)

VM state: not at safepoint (normal execution)

VM Mutex/Monitor currently owned by a thread: None

Heap address: 0x0000000091800000, size: 1768 MB, Compressed Oops mode: 32-bit

CDS archive(s) mapped at: [0x0000000800000000-0x0000000800b90000-0x0000000800b90000), size 12124160, SharedBaseAddress: 0x0000000800000000, ArchiveRelocationMode: 0.
Compressed class space mapped at: 0x0000000800c00000-0x0000000840c00000, reserved size: 1073741824
Narrow klass base: 0x0000000800000000, Narrow klass shift: 0, Narrow klass range: 0x100000000

GC Precious Log:
 CardTable entry size: 512
 Card Set container configuration: InlinePtr #cards 5 size 8 Array Of Cards #cards 12 size 40 Howl #buckets 4 coarsen threshold 1843 Howl Bitmap #cards 512 size 80 coarsen threshold 460 Card regions per heap region 1 cards per card region 2048
 CPUs: 8 total, 8 available
 Memory: 7069M
 Large Page Support: Disabled
 NUMA Support: Disabled
 Compressed Oops: Enabled (32-bit)
 Heap Region Size: 1M
 Heap Min Capacity: 8M
 Heap Initial Capacity: 112M
 Heap Max Capacity: 1768M
 Pre-touch: Disabled
 Parallel Workers: 8
 Concurrent Workers: 2
 Concurrent Refinement Workers: 8
 Periodic GC: Disabled

Heap:
 garbage-first heap   total 114688K, used 20821K [0x0000000091800000, 0x0000000100000000)
  region size 1024K, 22 young (22528K), 3 survivors (3072K)
 Metaspace       used 3874K, committed 4032K, reserved 1114112K
  class space    used 382K, committed 448K, reserved 1048576K

Heap Regions: E=young(eden), S=young(survivor), O=old, HS=humongous(starts), HC=humongous(continues), CS=collection set, F=free, OA=open archive, CA=closed archive, TAMS=top-at-mark-start (previous, next)
|   0|0x0000000091800000, 0x0000000091800000, 0x0000000091900000|  0%| F|  |TAMS 0x0000000091800000, 0x0000000091800000| Untracked 
|   1|0x0000000091900000, 0x0000000091900000, 0x0000000091a00000|  0%| F|  |TAMS 0x0000000091900000, 0x0000000091900000| Untracked 
|   2|0x0000000091a00000, 0x0000000091a00000, 0x0000000091b00000|  0%| F|  |TAMS 0x0000000091a00000, 0x0000000091a00000| Untracked 
|   3|0x0000000091b00000, 0x0000000091b00000, 0x0000000091c00000|  0%| F|  |TAMS 0x0000000091b00000, 0x0000000091b00000| Untracked 
|   4|0x0000000091c00000, 0x0000000091c00000, 0x0000000091d00000|  0%| F|  |TAMS 0x0000000091c00000, 0x0000000091c00000| Untracked 
|   5|0x0000000091d00000, 0x0000000091d00000, 0x0000000091e00000|  0%| F|  |TAMS 0x0000000091d00000, 0x0000000091d00000| Untracked 
|   6|0x0000000091e00000, 0x0000000091e00000, 0x0000000091f00000|  0%| F|  |TAMS 0x0000000091e00000, 0x0000000091e00000| Untracked 
|   7|0x0000000091f00000, 0x0000000091f00000, 0x0000000092000000|  0%| F|  |TAMS 0x0000000091f00000, 0x0000000091f00000| Untracked 
|   8|0x0000000092000000, 0x0000000092000000, 0x0000000092100000|  0%| F|  |TAMS 0x0000000092000000, 0x0000000092000000| Untracked 
|   9|0x0000000092100000, 0x0000000092100000, 0x0000000092200000|  0%| F|  |TAMS 0x0000000092100000, 0x0000000092100000| Untracked 
|  10|0x0000000092200000, 0x0000000092200000, 0x0000000092300000|  0%| F|  |TAMS 0x0000000092200000, 0x0000000092200000| Untracked 
|  11|0x0000000092300000, 0x0000000092300000, 0x0000000092400000|  0%| F|  |TAMS 0x0000000092300000, 0x0000000092300000| Untracked 
|  12|0x0000000092400000, 0x0000000092400000, 0x0000000092500000|  0%| F|  |TAMS 0x0000000092400000, 0x0000000092400000| Untracked 
|  13|0x0000000092500000, 0x0000000092500000, 0x0000000092600000|  0%| F|  |TAMS 0x0000000092500000, 0x0000000092500000| Untracked 
|  14|0x0000000092600000, 0x0000000092600000, 0x0000000092700000|  0%| F|  |TAMS 0x0000000092600000, 0x0000000092600000| Untracked 
|  15|0x0000000092700000, 0x0000000092700000, 0x0000000092800000|  0%| F|  |TAMS 0x0000000092700000, 0x0000000092700000| Untracked 
|  16|0x0000000092800000, 0x0000000092800000, 0x0000000092900000|  0%| F|  |TAMS 0x0000000092800000, 0x0000000092800000| Untracked 
|  17|0x0000000092900000, 0x0000000092900000, 0x0000000092a00000|  0%| F|  |TAMS 0x0000000092900000, 0x0000000092900000| Untracked 
|  18|0x0000000092a00000, 0x0000000092a00000, 0x0000000092b00000|  0%| F|  |TAMS 0x0000000092a00000, 0x0000000092a00000| Untracked 
|  19|0x0000000092b00000, 0x0000000092b00000, 0x0000000092c00000|  0%| F|  |TAMS 0x0000000092b00000, 0x0000000092b00000| Untracked 
|  20|0x0000000092c00000, 0x0000000092c00000, 0x0000000092d00000|  0%| F|  |TAMS 0x0000000092c00000, 0x0000000092c00000| Untracked 
|  21|0x0000000092d00000, 0x0000000092d00000, 0x0000000092e00000|  0%| F|  |TAMS 0x0000000092d00000, 0x0000000092d00000| Untracked 
|  22|0x0000000092e00000, 0x0000000092e00000, 0x0000000092f00000|  0%| F|  |TAMS 0x0000000092e00000, 0x0000000092e00000| Untracked 
|  23|0x0000000092f00000, 0x0000000092f00000, 0x0000000093000000|  0%| F|  |TAMS 0x0000000092f00000, 0x0000000092f00000| Untracked 
|  24|0x0000000093000000, 0x0000000093000000, 0x0000000093100000|  0%| F|  |TAMS 0x0000000093000000, 0x0000000093000000| Untracked 
|  25|0x0000000093100000, 0x0000000093100000, 0x0000000093200000|  0%| F|  |TAMS 0x0000000093100000, 0x0000000093100000| Untracked 
|  26|0x0000000093200000, 0x0000000093200000, 0x0000000093300000|  0%| F|  |TAMS 0x0000000093200000, 0x0000000093200000| Untracked 
|  27|0x0000000093300000, 0x0000000093300000, 0x0000000093400000|  0%| F|  |TAMS 0x0000000093300000, 0x0000000093300000| Untracked 
|  28|0x0000000093400000, 0x0000000093400000, 0x0000000093500000|  0%| F|  |TAMS 0x0000000093400000, 0x0000000093400000| Untracked 
|  29|0x0000000093500000, 0x0000000093500000, 0x0000000093600000|  0%| F|  |TAMS 0x0000000093500000, 0x0000000093500000| Untracked 
|  30|0x0000000093600000, 0x0000000093600000, 0x0000000093700000|  0%| F|  |TAMS 0x0000000093600000, 0x0000000093600000| Untracked 
|  31|0x0000000093700000, 0x0000000093700000, 0x0000000093800000|  0%| F|  |TAMS 0x0000000093700000, 0x0000000093700000| Untracked 
|  32|0x0000000093800000, 0x0000000093800000, 0x0000000093900000|  0%| F|  |TAMS 0x0000000093800000, 0x0000000093800000| Untracked 
|  33|0x0000000093900000, 0x0000000093900000, 0x0000000093a00000|  0%| F|  |TAMS 0x0000000093900000, 0x0000000093900000| Untracked 
|  34|0x0000000093a00000, 0x0000000093a00000, 0x0000000093b00000|  0%| F|  |TAMS 0x0000000093a00000, 0x0000000093a00000| Untracked 
|  35|0x0000000093b00000, 0x0000000093b00000, 0x0000000093c00000|  0%| F|  |TAMS 0x0000000093b00000, 0x0000000093b00000| Untracked 
|  36|0x0000000093c00000, 0x0000000093c00000, 0x0000000093d00000|  0%| F|  |TAMS 0x0000000093c00000, 0x0000000093c00000| Untracked 
|  37|0x0000000093d00000, 0x0000000093d00000, 0x0000000093e00000|  0%| F|  |TAMS 0x0000000093d00000, 0x0000000093d00000| Untracked 
|  38|0x0000000093e00000, 0x0000000093e00000, 0x0000000093f00000|  0%| F|  |TAMS 0x0000000093e00000, 0x0000000093e00000| Untracked 
|  39|0x0000000093f00000, 0x0000000093f00000, 0x0000000094000000|  0%| F|  |TAMS 0x0000000093f00000, 0x0000000093f00000| Untracked 
|  40|0x0000000094000000, 0x0000000094000000, 0x0000000094100000|  0%| F|  |TAMS 0x0000000094000000, 0x0000000094000000| Untracked 
|  41|0x0000000094100000, 0x0000000094100000, 0x0000000094200000|  0%| F|  |TAMS 0x0000000094100000, 0x0000000094100000| Untracked 
|  42|0x0000000094200000, 0x0000000094200000, 0x0000000094300000|  0%| F|  |TAMS 0x0000000094200000, 0x0000000094200000| Untracked 
|  43|0x0000000094300000, 0x0000000094300000, 0x0000000094400000|  0%| F|  |TAMS 0x0000000094300000, 0x0000000094300000| Untracked 
|  44|0x0000000094400000, 0x0000000094400000, 0x0000000094500000|  0%| F|  |TAMS 0x0000000094400000, 0x0000000094400000| Untracked 
|  45|0x0000000094500000, 0x0000000094500000, 0x0000000094600000|  0%| F|  |TAMS 0x0000000094500000, 0x0000000094500000| Untracked 
|  46|0x0000000094600000, 0x0000000094600000, 0x0000000094700000|  0%| F|  |TAMS 0x0000000094600000, 0x0000000094600000| Untracked 
|  47|0x0000000094700000, 0x0000000094700000, 0x0000000094800000|  0%| F|  |TAMS 0x0000000094700000, 0x0000000094700000| Untracked 
|  48|0x0000000094800000, 0x0000000094800000, 0x0000000094900000|  0%| F|  |TAMS 0x0000000094800000, 0x0000000094800000| Untracked 
|  49|0x0000000094900000, 0x0000000094900000, 0x0000000094a00000|  0%| F|  |TAMS 0x0000000094900000, 0x0000000094900000| Untracked 
|  50|0x0000000094a00000, 0x0000000094a00000, 0x0000000094b00000|  0%| F|  |TAMS 0x0000000094a00000, 0x0000000094a00000| Untracked 
|  51|0x0000000094b00000, 0x0000000094b00000, 0x0000000094c00000|  0%| F|  |TAMS 0x0000000094b00000, 0x0000000094b00000| Untracked 
|  52|0x0000000094c00000, 0x0000000094c00000, 0x0000000094d00000|  0%| F|  |TAMS 0x0000000094c00000, 0x0000000094c00000| Untracked 
|  53|0x0000000094d00000, 0x0000000094d00000, 0x0000000094e00000|  0%| F|  |TAMS 0x0000000094d00000, 0x0000000094d00000| Untracked 
|  54|0x0000000094e00000, 0x0000000094e00000, 0x0000000094f00000|  0%| F|  |TAMS 0x0000000094e00000, 0x0000000094e00000| Untracked 
|  55|0x0000000094f00000, 0x0000000094f00000, 0x0000000095000000|  0%| F|  |TAMS 0x0000000094f00000, 0x0000000094f00000| Untracked 
|  56|0x0000000095000000, 0x0000000095000000, 0x0000000095100000|  0%| F|  |TAMS 0x0000000095000000, 0x0000000095000000| Untracked 
|  57|0x0000000095100000, 0x0000000095100000, 0x0000000095200000|  0%| F|  |TAMS 0x0000000095100000, 0x0000000095100000| Untracked 
|  58|0x0000000095200000, 0x0000000095200000, 0x0000000095300000|  0%| F|  |TAMS 0x0000000095200000, 0x0000000095200000| Untracked 
|  59|0x0000000095300000, 0x0000000095300000, 0x0000000095400000|  0%| F|  |TAMS 0x0000000095300000, 0x0000000095300000| Untracked 
|  60|0x0000000095400000, 0x0000000095400000, 0x0000000095500000|  0%| F|  |TAMS 0x0000000095400000, 0x0000000095400000| Untracked 
|  61|0x0000000095500000, 0x0000000095500000, 0x0000000095600000|  0%| F|  |TAMS 0x0000000095500000, 0x0000000095500000| Untracked 
|  62|0x0000000095600000, 0x0000000095600000, 0x0000000095700000|  0%| F|  |TAMS 0x0000000095600000, 0x0000000095600000| Untracked 
|  63|0x0000000095700000, 0x0000000095700000, 0x0000000095800000|  0%| F|  |TAMS 0x0000000095700000, 0x0000000095700000| Untracked 
|  64|0x0000000095800000, 0x0000000095800000, 0x0000000095900000|  0%| F|  |TAMS 0x0000000095800000, 0x0000000095800000| Untracked 
|  65|0x0000000095900000, 0x0000000095900000, 0x0000000095a00000|  0%| F|  |TAMS 0x0000000095900000, 0x0000000095900000| Untracked 
|  66|0x0000000095a00000, 0x0000000095a00000, 0x0000000095b00000|  0%| F|  |TAMS 0x0000000095a00000, 0x0000000095a00000| Untracked 
|  67|0x0000000095b00000, 0x0000000095b00000, 0x0000000095c00000|  0%| F|  |TAMS 0x0000000095b00000, 0x0000000095b00000| Untracked 
|  68|0x0000000095c00000, 0x0000000095c00000, 0x0000000095d00000|  0%| F|  |TAMS 0x0000000095c00000, 0x0000000095c00000| Untracked 
|  69|0x0000000095d00000, 0x0000000095d00000, 0x0000000095e00000|  0%| F|  |TAMS 0x0000000095d00000, 0x0000000095d00000| Untracked 
|  70|0x0000000095e00000, 0x0000000095e00000, 0x0000000095f00000|  0%| F|  |TAMS 0x0000000095e00000, 0x0000000095e00000| Untracked 
|  71|0x0000000095f00000, 0x0000000095f00000, 0x0000000096000000|  0%| F|  |TAMS 0x0000000095f00000, 0x0000000095f00000| Untracked 
|  72|0x0000000096000000, 0x0000000096000000, 0x0000000096100000|  0%| F|  |TAMS 0x0000000096000000, 0x0000000096000000| Untracked 
|  73|0x0000000096100000, 0x0000000096100000, 0x0000000096200000|  0%| F|  |TAMS 0x0000000096100000, 0x0000000096100000| Untracked 
|  74|0x0000000096200000, 0x0000000096200000, 0x0000000096300000|  0%| F|  |TAMS 0x0000000096200000, 0x0000000096200000| Untracked 
|  75|0x0000000096300000, 0x0000000096300000, 0x0000000096400000|  0%| F|  |TAMS 0x0000000096300000, 0x0000000096300000| Untracked 
|  76|0x0000000096400000, 0x0000000096400000, 0x0000000096500000|  0%| F|  |TAMS 0x0000000096400000, 0x0000000096400000| Untracked 
|  77|0x0000000096500000, 0x0000000096500000, 0x0000000096600000|  0%| F|  |TAMS 0x0000000096500000, 0x0000000096500000| Untracked 
|  78|0x0000000096600000, 0x0000000096600000, 0x0000000096700000|  0%| F|  |TAMS 0x0000000096600000, 0x0000000096600000| Untracked 
|  79|0x0000000096700000, 0x0000000096700000, 0x0000000096800000|  0%| F|  |TAMS 0x0000000096700000, 0x0000000096700000| Untracked 
|  80|0x0000000096800000, 0x0000000096800000, 0x0000000096900000|  0%| F|  |TAMS 0x0000000096800000, 0x0000000096800000| Untracked 
|  81|0x0000000096900000, 0x0000000096900000, 0x0000000096a00000|  0%| F|  |TAMS 0x0000000096900000, 0x0000000096900000| Untracked 
|  82|0x0000000096a00000, 0x0000000096a00000, 0x0000000096b00000|  0%| F|  |TAMS 0x0000000096a00000, 0x0000000096a00000| Untracked 
|  83|0x0000000096b00000, 0x0000000096b00000, 0x0000000096c00000|  0%| F|  |TAMS 0x0000000096b00000, 0x0000000096b00000| Untracked 
|  84|0x0000000096c00000, 0x0000000096c00000, 0x0000000096d00000|  0%| F|  |TAMS 0x0000000096c00000, 0x0000000096c00000| Untracked 
|  85|0x0000000096d00000, 0x0000000096d00000, 0x0000000096e00000|  0%| F|  |TAMS 0x0000000096d00000, 0x0000000096d00000| Untracked 
|  86|0x0000000096e00000, 0x0000000096e55540, 0x0000000096f00000| 33%| S|CS|TAMS 0x0000000096e00000, 0x0000000096e00000| Complete 
|  87|0x0000000096f00000, 0x0000000097000000, 0x0000000097000000|100%| S|CS|TAMS 0x0000000096f00000, 0x0000000096f00000| Complete 
|  88|0x0000000097000000, 0x0000000097100000, 0x0000000097100000|100%| S|CS|TAMS 0x0000000097000000, 0x0000000097000000| Complete 
|  89|0x0000000097100000, 0x0000000097100000, 0x0000000097200000|  0%| F|  |TAMS 0x0000000097100000, 0x0000000097100000| Untracked 
|  90|0x0000000097200000, 0x0000000097200000, 0x0000000097300000|  0%| F|  |TAMS 0x0000000097200000, 0x0000000097200000| Untracked 
|  91|0x0000000097300000, 0x0000000097300000, 0x0000000097400000|  0%| F|  |TAMS 0x0000000097300000, 0x0000000097300000| Untracked 
|  92|0x0000000097400000, 0x0000000097400000, 0x0000000097500000|  0%| F|  |TAMS 0x0000000097400000, 0x0000000097400000| Untracked 
|  93|0x0000000097500000, 0x00000000975acfd0, 0x0000000097600000| 67%| E|  |TAMS 0x0000000097500000, 0x0000000097500000| Complete 
|  94|0x0000000097600000, 0x0000000097700000, 0x0000000097700000|100%| E|CS|TAMS 0x0000000097600000, 0x0000000097600000| Complete 
|  95|0x0000000097700000, 0x0000000097800000, 0x0000000097800000|100%| E|CS|TAMS 0x0000000097700000, 0x0000000097700000| Complete 
|  96|0x0000000097800000, 0x0000000097900000, 0x0000000097900000|100%| E|CS|TAMS 0x0000000097800000, 0x0000000097800000| Complete 
|  97|0x0000000097900000, 0x0000000097a00000, 0x0000000097a00000|100%| E|CS|TAMS 0x0000000097900000, 0x0000000097900000| Complete 
|  98|0x0000000097a00000, 0x0000000097b00000, 0x0000000097b00000|100%| E|CS|TAMS 0x0000000097a00000, 0x0000000097a00000| Complete 
|  99|0x0000000097b00000, 0x0000000097c00000, 0x0000000097c00000|100%| E|CS|TAMS 0x0000000097b00000, 0x0000000097b00000| Complete 
| 100|0x0000000097c00000, 0x0000000097d00000, 0x0000000097d00000|100%| E|CS|TAMS 0x0000000097c00000, 0x0000000097c00000| Complete 
| 101|0x0000000097d00000, 0x0000000097e00000, 0x0000000097e00000|100%| E|CS|TAMS 0x0000000097d00000, 0x0000000097d00000| Complete 
| 102|0x0000000097e00000, 0x0000000097f00000, 0x0000000097f00000|100%| E|CS|TAMS 0x0000000097e00000, 0x0000000097e00000| Complete 
| 103|0x0000000097f00000, 0x0000000098000000, 0x0000000098000000|100%| E|CS|TAMS 0x0000000097f00000, 0x0000000097f00000| Complete 
| 104|0x0000000098000000, 0x0000000098100000, 0x0000000098100000|100%| E|CS|TAMS 0x0000000098000000, 0x0000000098000000| Complete 
| 105|0x0000000098100000, 0x0000000098200000, 0x0000000098200000|100%| E|CS|TAMS 0x0000000098100000, 0x0000000098100000| Complete 
| 106|0x0000000098200000, 0x0000000098300000, 0x0000000098300000|100%| E|CS|TAMS 0x0000000098200000, 0x0000000098200000| Complete 
| 107|0x0000000098300000, 0x0000000098400000, 0x0000000098400000|100%| E|CS|TAMS 0x0000000098300000, 0x0000000098300000| Complete 
| 108|0x0000000098400000, 0x0000000098500000, 0x0000000098500000|100%| E|CS|TAMS 0x0000000098400000, 0x0000000098400000| Complete 
| 109|0x0000000098500000, 0x0000000098600000, 0x0000000098600000|100%| E|CS|TAMS 0x0000000098500000, 0x0000000098500000| Complete 
| 110|0x0000000098600000, 0x0000000098700000, 0x0000000098700000|100%| E|CS|TAMS 0x0000000098600000, 0x0000000098600000| Complete 
| 111|0x0000000098700000, 0x0000000098800000, 0x0000000098800000|100%| E|CS|TAMS 0x0000000098700000, 0x0000000098700000| Complete 

Card table byte_map: [0x000002af1e820000,0x000002af1eba0000] _byte_map_base: 0x000002af1e394000

Marking Bits (Prev, Next): (CMBitMap*) 0x000002af0789d990, (CMBitMap*) 0x000002af0789d9d0
 Prev Bits: [0x000002af1ef20000, 0x000002af20ac0000)
 Next Bits: [0x000002af20ac0000, 0x000002af22660000)

Polling page: 0x000002af07000000

Metaspace:

Usage:
  Non-class:      3.41 MB used.
      Class:    382.45 KB used.
       Both:      3.78 MB used.

Virtual space:
  Non-class space:       64.00 MB reserved,       3.50 MB (  5%) committed,  1 nodes.
      Class space:        1.00 GB reserved,     448.00 KB ( <1%) committed,  1 nodes.
             Both:        1.06 GB reserved,       3.94 MB ( <1%) committed. 

Chunk freelists:
   Non-Class:  2.51 MB
       Class:  3.51 MB
        Both:  6.01 MB

MaxMetaspaceSize: unlimited
CompressedClassSpaceSize: 1.00 GB
Initial GC threshold: 21.00 MB
Current GC threshold: 21.00 MB
CDS: on
MetaspaceReclaimPolicy: balanced
 - commit_granule_bytes: 65536.
 - commit_granule_words: 8192.
 - virtual_space_node_default_size: 8388608.
 - enlarge_chunks_in_place: 1.
 - new_chunks_are_fully_committed: 0.
 - uncommit_free_chunks: 1.
 - use_allocation_guard: 0.


Internal statistics:

num_allocs_failed_limit: 0.
num_arena_births: 66.
num_arena_deaths: 0.
num_vsnodes_births: 2.
num_vsnodes_deaths: 0.
num_space_committed: 63.
num_space_uncommitted: 0.
num_chunks_returned_to_freelist: 0.
num_chunks_taken_from_freelist: 150.
num_chunk_merges: 0.
num_chunk_splits: 105.
num_chunks_enlarged: 74.
num_inconsistent_stats: 0.

CodeHeap 'non-profiled nmethods': size=120000Kb used=421Kb max_used=421Kb free=119578Kb
 bounds [0x000002af16c40000, 0x000002af16eb0000, 0x000002af1e170000]
CodeHeap 'profiled nmethods': size=120000Kb used=2068Kb max_used=2068Kb free=117932Kb
 bounds [0x000002af0f710000, 0x000002af0f980000, 0x000002af16c40000]
CodeHeap 'non-nmethods': size=5760Kb used=1151Kb max_used=1186Kb free=4608Kb
 bounds [0x000002af0f170000, 0x000002af0f3e0000, 0x000002af0f710000]
 total_blobs=1532 nmethods=1104 adapters=341
 compilation: enabled
              stopped_count=0, restarted_count=0
 full_count=0

Compilation events (20 events):
Event: 366.274 Thread 0x000002af250563a0 1094       3       java.nio.Buffer::<init> (105 bytes)
Event: 366.282 Thread 0x000002af250563a0 nmethod 1094 0x000002af0f90f090 code [0x000002af0f90f340, 0x000002af0f90feb8]
Event: 366.303 Thread 0x000002af250435d0 1095       4       java.util.concurrent.ConcurrentHashMap$Traverser::advance (188 bytes)
Event: 366.312 Thread 0x000002af250563a0 1096       3       com.google.common.collect.Lists::newArrayList (28 bytes)
Event: 366.313 Thread 0x000002af250435d0 nmethod 1095 0x000002af16ca8910 code [0x000002af16ca8aa0, 0x000002af16ca8d98]
Event: 366.315 Thread 0x000002af250563a0 nmethod 1096 0x000002af0f910310 code [0x000002af0f910520, 0x000002af0f910bb8]
Event: 366.315 Thread 0x000002af250563a0 1097   !   3       java.util.Vector::addAll (94 bytes)
Event: 366.316 Thread 0x000002af250563a0 nmethod 1097 0x000002af0f910e10 code [0x000002af0f910fe0, 0x000002af0f911548]
Event: 366.329 Thread 0x000002af250563a0 1098       1       java.lang.Class::getClassLoader0 (5 bytes)
Event: 366.330 Thread 0x000002af250563a0 nmethod 1098 0x000002af16ca8f10 code [0x000002af16ca90a0, 0x000002af16ca9178]
Event: 366.330 Thread 0x000002af250563a0 1099       3       java.io.StringWriter::append (6 bytes)
Event: 366.331 Thread 0x000002af250563a0 nmethod 1099 0x000002af0f911790 code [0x000002af0f911980, 0x000002af0f911eb8]
Event: 366.332 Thread 0x000002af250563a0 1102       3       jdk.internal.loader.BuiltinClassLoader$1::hasNext (93 bytes)
Event: 366.333 Thread 0x000002af250563a0 nmethod 1102 0x000002af0f912090 code [0x000002af0f9122c0, 0x000002af0f912d28]
Event: 366.333 Thread 0x000002af250563a0 1100       3       java.io.StringWriter::append (10 bytes)
Event: 366.333 Thread 0x000002af250563a0 nmethod 1100 0x000002af0f912f90 code [0x000002af0f913160, 0x000002af0f913618]
Event: 366.333 Thread 0x000002af250563a0 1101       1       java.lang.Boolean::booleanValue (5 bytes)
Event: 366.333 Thread 0x000002af250563a0 nmethod 1101 0x000002af16ca9210 code [0x000002af16ca93a0, 0x000002af16ca9478]
Event: 366.346 Thread 0x000002af250435d0 1103       4       com.google.common.collect.AbstractIterator::hasNext (65 bytes)
Event: 366.356 Thread 0x000002af250563a0 1104       3       java.util.regex.Pattern$BnM::optimize (179 bytes)

GC Heap History (2 events):
Event: 69.083 GC heap before
{Heap before GC invocations=0 (full 0):
 garbage-first heap   total 114688K, used 23552K [0x0000000091800000, 0x0000000100000000)
  region size 1024K, 23 young (23552K), 0 survivors (0K)
 Metaspace       used 3745K, committed 3904K, reserved 1114112K
  class space    used 381K, committed 448K, reserved 1048576K
}
Event: 69.092 GC heap after
{Heap after GC invocations=1 (full 0):
 garbage-first heap   total 114688K, used 2389K [0x0000000091800000, 0x0000000100000000)
  region size 1024K, 3 young (3072K), 3 survivors (3072K)
 Metaspace       used 3745K, committed 3904K, reserved 1114112K
  class space    used 381K, committed 448K, reserved 1048576K
}

Deoptimization events (20 events):
Event: 69.036 Thread 0x000002af2961fe40 Uncommon trap: trap_request=0xffffff45 fr.pc=0x000002af16c66e50 relative=0x00000000000000d0
Event: 69.036 Thread 0x000002af2961fe40 Uncommon trap: reason=unstable_if action=reinterpret pc=0x000002af16c66e50 method=java.lang.String.getBytes([BIB)V @ 5 c2
Event: 69.036 Thread 0x000002af2961fe40 DEOPT PACKING pc=0x000002af16c66e50 sp=0x000000af9d7ff0b0
Event: 69.036 Thread 0x000002af2961fe40 DEOPT UNPACKING pc=0x000002af0f1c23a3 sp=0x000000af9d7ff078 mode 2
Event: 69.071 Thread 0x000002af2950d0d0 Uncommon trap: trap_request=0xffffff45 fr.pc=0x000002af16c80bc8 relative=0x00000000000003a8
Event: 69.071 Thread 0x000002af2950d0d0 Uncommon trap: reason=unstable_if action=reinterpret pc=0x000002af16c80bc8 method=java.lang.AbstractStringBuilder.isLatin1()Z @ 10 c2
Event: 69.071 Thread 0x000002af2950d0d0 DEOPT PACKING pc=0x000002af16c80bc8 sp=0x000000af9d8fef70
Event: 69.071 Thread 0x000002af2950d0d0 DEOPT UNPACKING pc=0x000002af0f1c23a3 sp=0x000000af9d8fee98 mode 2
Event: 69.096 Thread 0x000002af2950d0d0 Uncommon trap: trap_request=0xffffff45 fr.pc=0x000002af16c6fac0 relative=0x00000000000003a0
Event: 69.096 Thread 0x000002af2950d0d0 Uncommon trap: reason=unstable_if action=reinterpret pc=0x000002af16c6fac0 method=java.lang.AbstractStringBuilder.isLatin1()Z @ 10 c2
Event: 69.096 Thread 0x000002af2950d0d0 DEOPT PACKING pc=0x000002af16c6fac0 sp=0x000000af9d8fe9c0
Event: 69.096 Thread 0x000002af2950d0d0 DEOPT UNPACKING pc=0x000002af0f1c23a3 sp=0x000000af9d8fe940 mode 2
Event: 80.730 Thread 0x000002af2961fe40 Uncommon trap: trap_request=0xffffff45 fr.pc=0x000002af16c95044 relative=0x0000000000000284
Event: 80.730 Thread 0x000002af2961fe40 Uncommon trap: reason=unstable_if action=reinterpret pc=0x000002af16c95044 method=java.util.HashMap.hash(Ljava/lang/Object;)I @ 1 c2
Event: 80.730 Thread 0x000002af2961fe40 DEOPT PACKING pc=0x000002af16c95044 sp=0x000000af9d7ff2c0
Event: 80.730 Thread 0x000002af2961fe40 DEOPT UNPACKING pc=0x000002af0f1c23a3 sp=0x000000af9d7ff158 mode 2
Event: 80.730 Thread 0x000002af2961fe40 Uncommon trap: trap_request=0xffffff45 fr.pc=0x000002af16c888c0 relative=0x0000000000000280
Event: 80.730 Thread 0x000002af2961fe40 Uncommon trap: reason=unstable_if action=reinterpret pc=0x000002af16c888c0 method=java.util.HashMap.hash(Ljava/lang/Object;)I @ 1 c2
Event: 80.730 Thread 0x000002af2961fe40 DEOPT PACKING pc=0x000002af16c888c0 sp=0x000000af9d7ff240
Event: 80.730 Thread 0x000002af2961fe40 DEOPT UNPACKING pc=0x000002af0f1c23a3 sp=0x000000af9d7ff148 mode 2

Classes loaded (20 events):
Event: 20.695 Loading class java/util/Formatter$FixedString
Event: 20.696 Loading class java/util/Formatter$FixedString done
Event: 58.901 Loading class jdk/internal/reflect/MethodHandleIntegerFieldAccessorImpl
Event: 58.902 Loading class jdk/internal/reflect/MethodHandleIntegerFieldAccessorImpl done
Event: 59.204 Loading class sun/reflect/generics/repository/FieldRepository
Event: 59.204 Loading class sun/reflect/generics/repository/FieldRepository done
Event: 59.204 Loading class sun/reflect/generics/reflectiveObjects/ParameterizedTypeImpl
Event: 59.205 Loading class sun/reflect/generics/reflectiveObjects/ParameterizedTypeImpl done
Event: 59.205 Loading class sun/reflect/generics/reflectiveObjects/TypeVariableImpl
Event: 59.206 Loading class sun/reflect/generics/reflectiveObjects/LazyReflectiveObjectGenerator
Event: 59.206 Loading class sun/reflect/generics/reflectiveObjects/LazyReflectiveObjectGenerator done
Event: 59.206 Loading class sun/reflect/generics/reflectiveObjects/TypeVariableImpl done
Event: 59.276 Loading class sun/reflect/generics/tree/TypeVariableSignature
Event: 59.277 Loading class sun/reflect/generics/tree/TypeVariableSignature done
Event: 59.279 Loading class sun/reflect/misc/ReflectUtil
Event: 59.279 Loading class sun/reflect/misc/ReflectUtil done
Event: 80.730 Loading class java/lang/Throwable$WrappedPrintStream
Event: 80.731 Loading class java/lang/Throwable$PrintStreamOrWriter
Event: 80.732 Loading class java/lang/Throwable$PrintStreamOrWriter done
Event: 80.732 Loading class java/lang/Throwable$WrappedPrintStream done

Classes unloaded (0 events):
No events

Classes redefined (0 events):
No events

Internal exceptions (11 events):
Event: 0.204 Thread 0x000002af078431c0 Exception <a 'java/lang/NoSuchMethodError'{0x00000000986fe6d0}: 'void java.lang.invoke.DirectMethodHandle$Holder.invokeStatic(java.lang.Object, java.lang.Object, java.lang.Object)'> (0x00000000986fe6d0) 
thrown [s\open\src\hotspot\share\interpreter\linkResolver.cpp, line 766]
Event: 0.213 Thread 0x000002af078431c0 Exception <a 'java/lang/NoSuchMethodError'{0x00000000985178a8}: 'java.lang.Object java.lang.invoke.Invokers$Holder.invokeExact_MT(java.lang.Object, java.lang.Object, java.lang.Object, java.lang.Object, java.lang.Object)'> (0x00000000985178a8) 
thrown [s\open\src\hotspot\share\interpreter\linkResolver.cpp, line 766]
Event: 0.241 Thread 0x000002af078431c0 Exception <a 'java/lang/NoSuchMethodError'{0x000000009852ccc0}: 'void java.lang.invoke.DirectMethodHandle$Holder.invokeStatic(java.lang.Object, java.lang.Object)'> (0x000000009852ccc0) 
thrown [s\open\src\hotspot\share\interpreter\linkResolver.cpp, line 766]
Event: 0.241 Thread 0x000002af2954c8b0 Exception <a 'java/lang/NoSuchMethodError'{0x000000009857b570}: 'void java.lang.invoke.DirectMethodHandle$Holder.invokeStatic(java.lang.Object, java.lang.Object)'> (0x000000009857b570) 
thrown [s\open\src\hotspot\share\interpreter\linkResolver.cpp, line 766]
Event: 1.194 Thread 0x000002af25040880 Exception <a 'java/lang/NoSuchMethodError'{0x00000000984edf98}: 'java.lang.Object java.lang.invoke.Invokers$Holder.invokeExact_MT(java.lang.Object, java.lang.Object, java.lang.Object, java.lang.Object, java.lang.Object, java.lang.Object)'> (0x00000000984edf98) 
thrown [s\open\src\hotspot\share\interpreter\linkResolver.cpp, line 766]
Event: 20.470 Thread 0x000002af2961fe40 Exception <a 'java/lang/NoSuchMethodError'{0x0000000098148038}: 'void java.lang.invoke.Invokers$Holder.invokeExact_MT(java.lang.Object, java.lang.Object, java.lang.Object, java.lang.Object)'> (0x0000000098148038) 
thrown [s\open\src\hotspot\share\interpreter\linkResolver.cpp, line 766]
Event: 20.673 Thread 0x000002af2961fe40 Exception <a 'java/lang/NoSuchMethodError'{0x0000000097eb61a0}: 'int java.lang.invoke.DirectMethodHandle$Holder.invokeSpecial(java.lang.Object, java.lang.Object, java.lang.Object)'> (0x0000000097eb61a0) 
thrown [s\open\src\hotspot\share\interpreter\linkResolver.cpp, line 766]
Event: 20.674 Thread 0x000002af2961fe40 Exception <a 'java/lang/NoSuchMethodError'{0x0000000097ec0f70}: 'void java.lang.invoke.DelegatingMethodHandle$Holder.reinvoke_L(java.lang.Object, java.lang.Object, int)'> (0x0000000097ec0f70) 
thrown [s\open\src\hotspot\share\interpreter\linkResolver.cpp, line 766]
Event: 20.699 Thread 0x000002af2961fe40 Exception <a 'java/lang/NoSuchMethodError'{0x0000000097d4d2f8}: 'int java.lang.invoke.Invokers$Holder.invokeExact_MT(java.lang.Object, java.lang.Object, java.lang.Object)'> (0x0000000097d4d2f8) 
thrown [s\open\src\hotspot\share\interpreter\linkResolver.cpp, line 766]
Event: 80.730 Thread 0x000002af2961fe40 Implicit null exception at 0x000002af16c94e0a to 0x000002af16c95028
Event: 80.730 Thread 0x000002af2961fe40 Implicit null exception at 0x000002af16c8868a to 0x000002af16c888a4

VM Operations (20 events):
Event: 67.263 Executing VM operation: Cleanup
Event: 67.263 Executing VM operation: Cleanup done
Event: 68.263 Executing VM operation: Cleanup
Event: 68.263 Executing VM operation: Cleanup done
Event: 69.081 Executing VM operation: G1CollectForAllocation
Event: 69.092 Executing VM operation: G1CollectForAllocation done
Event: 71.091 Executing VM operation: Cleanup
Event: 71.092 Executing VM operation: Cleanup done
Event: 73.092 Executing VM operation: Cleanup
Event: 73.092 Executing VM operation: Cleanup done
Event: 77.094 Executing VM operation: Cleanup
Event: 77.094 Executing VM operation: Cleanup done
Event: 79.094 Executing VM operation: Cleanup
Event: 79.094 Executing VM operation: Cleanup done
Event: 81.095 Executing VM operation: Cleanup
Event: 81.095 Executing VM operation: Cleanup done
Event: 102.104 Executing VM operation: Cleanup
Event: 102.104 Executing VM operation: Cleanup done
Event: 366.285 Executing VM operation: Cleanup
Event: 366.286 Executing VM operation: Cleanup done

Events (20 events):
Event: 0.066 Thread 0x000002af250429f0 Thread added: 0x000002af250429f0
Event: 0.066 Thread 0x000002af250435d0 Thread added: 0x000002af250435d0
Event: 0.068 Thread 0x000002af250563a0 Thread added: 0x000002af250563a0
Event: 0.069 Thread 0x000002af250ad810 Thread added: 0x000002af250ad810
Event: 0.117 Thread 0x000002af2500e510 Thread added: 0x000002af2500e510
Event: 0.159 Loaded shared library C:\Users\HONOR\.jdks\openjdk-18.0.1.1\bin\zip.dll
Event: 0.163 Loaded shared library C:\Users\HONOR\.jdks\openjdk-18.0.1.1\bin\instrument.dll
Event: 0.177 Loaded shared library C:\Users\HONOR\.jdks\openjdk-18.0.1.1\bin\net.dll
Event: 0.180 Loaded shared library C:\Users\HONOR\.jdks\openjdk-18.0.1.1\bin\nio.dll
Event: 0.186 Loaded shared library C:\Users\HONOR\.jdks\openjdk-18.0.1.1\bin\zip.dll
Event: 0.221 Loaded shared library D:\IntelliJ IDEA 2021.3.3\bin\breakgen64.dll
Event: 0.222 Thread 0x000002af2954c8b0 Thread added: 0x000002af2954c8b0
Event: 0.222 Thread 0x000002af2954cd70 Thread added: 0x000002af2954cd70
Event: 1.130 Loaded shared library C:\Users\HONOR\.jdks\openjdk-18.0.1.1\bin\jimage.dll
Event: 20.317 Thread 0x000002af2961fe40 Thread added: 0x000002af2961fe40
Event: 20.474 Loaded shared library C:\Users\HONOR\.jdks\openjdk-18.0.1.1\bin\verify.dll
Event: 56.931 Thread 0x000002af2950d0d0 Thread added: 0x000002af2950d0d0
Event: 80.733 Thread 0x000002af2961fe40 Thread exited: 0x000002af2961fe40
Event: 101.624 Thread 0x000002af2950d0d0 Thread exited: 0x000002af2950d0d0
Event: 366.121 Thread 0x000002af2950d0d0 Thread added: 0x000002af2950d0d0


Dynamic libraries:
0x00007ff687760000 - 0x00007ff68776e000 	C:\Users\HONOR\.jdks\openjdk-18.0.1.1\bin\java.exe
0x00007ffa2a080000 - 0x00007ffa2a270000 	C:\WINDOWS\SYSTEM32\ntdll.dll
0x00007ffa29280000 - 0x00007ffa29332000 	C:\WINDOWS\System32\KERNEL32.DLL
0x00007ffa27cc0000 - 0x00007ffa27f65000 	C:\WINDOWS\System32\KERNELBASE.dll
0x00007ffa27440000 - 0x00007ffa2753a000 	C:\WINDOWS\System32\ucrtbase.dll
0x00007ffa1f540000 - 0x00007ffa1f55a000 	C:\Users\HONOR\.jdks\openjdk-18.0.1.1\bin\VCRUNTIME140.dll
0x00007ffa1db10000 - 0x00007ffa1db27000 	C:\Users\HONOR\.jdks\openjdk-18.0.1.1\bin\jli.dll
0x00007ffa29470000 - 0x00007ffa29604000 	C:\WINDOWS\System32\USER32.dll
0x00007ffa28080000 - 0x00007ffa280a1000 	C:\WINDOWS\System32\win32u.dll
0x00007ffa15c70000 - 0x00007ffa15ef4000 	C:\WINDOWS\WinSxS\amd64_microsoft.windows.common-controls_6595b64144ccf1df_6.0.18362.1556_none_9e7e372fe45e41d5\COMCTL32.dll
0x00007ffa288a0000 - 0x00007ffa288c6000 	C:\WINDOWS\System32\GDI32.dll
0x00007ffa29120000 - 0x00007ffa291be000 	C:\WINDOWS\System32\msvcrt.dll
0x00007ffa26ff0000 - 0x00007ffa27188000 	C:\WINDOWS\System32\gdi32full.dll
0x00007ffa29cd0000 - 0x00007ffa2a006000 	C:\WINDOWS\System32\combase.dll
0x00007ffa27240000 - 0x00007ffa272de000 	C:\WINDOWS\System32\msvcp_win.dll
0x00007ffa29a10000 - 0x00007ffa29b2f000 	C:\WINDOWS\System32\RPCRT4.dll
0x00007ffa27ff0000 - 0x00007ffa28071000 	C:\WINDOWS\System32\bcryptPrimitives.dll
0x00007ffa299e0000 - 0x00007ffa29a0e000 	C:\WINDOWS\System32\IMM32.DLL
0x00007ffa218b0000 - 0x00007ffa218bc000 	C:\Users\HONOR\.jdks\openjdk-18.0.1.1\bin\vcruntime140_1.dll
0x00007ffa1cf50000 - 0x00007ffa1cfdd000 	C:\Users\HONOR\.jdks\openjdk-18.0.1.1\bin\msvcp140.dll
0x00007ff9ef360000 - 0x00007ff9eff70000 	C:\Users\HONOR\.jdks\openjdk-18.0.1.1\bin\server\jvm.dll
0x00007ffa293c0000 - 0x00007ffa29463000 	C:\WINDOWS\System32\ADVAPI32.dll
0x00007ffa29b30000 - 0x00007ffa29bc7000 	C:\WINDOWS\System32\sechost.dll
0x00007ffa29bf0000 - 0x00007ffa29bf8000 	C:\WINDOWS\System32\PSAPI.DLL
0x00007ffa1dc90000 - 0x00007ffa1dc9a000 	C:\WINDOWS\SYSTEM32\VERSION.dll
0x00007ffa11aa0000 - 0x00007ffa11aa9000 	C:\WINDOWS\SYSTEM32\WSOCK32.dll
0x00007ffa29610000 - 0x00007ffa2967f000 	C:\WINDOWS\System32\WS2_32.dll
0x00007ffa24e60000 - 0x00007ffa24e84000 	C:\WINDOWS\SYSTEM32\WINMM.dll
0x00007ffa249e0000 - 0x00007ffa24a0d000 	C:\WINDOWS\SYSTEM32\winmmbase.dll
0x00007ffa280b0000 - 0x00007ffa280fa000 	C:\WINDOWS\System32\cfgmgr32.dll
0x00007ffa26fa0000 - 0x00007ffa26fb1000 	C:\WINDOWS\System32\kernel.appcore.dll
0x00007ffa1fe70000 - 0x00007ffa1fe7a000 	C:\Users\HONOR\.jdks\openjdk-18.0.1.1\bin\jimage.dll
0x00007ffa14600000 - 0x00007ffa147f4000 	C:\WINDOWS\SYSTEM32\DBGHELP.DLL
0x00007ffa134a0000 - 0x00007ffa134ca000 	C:\WINDOWS\SYSTEM32\dbgcore.DLL
0x00007ffa1f900000 - 0x00007ffa1f90e000 	C:\Users\HONOR\.jdks\openjdk-18.0.1.1\bin\instrument.dll
0x00007ffa1d740000 - 0x00007ffa1d765000 	C:\Users\HONOR\.jdks\openjdk-18.0.1.1\bin\java.dll
0x00007ffa04cb0000 - 0x00007ffa04d86000 	C:\Users\HONOR\.jdks\openjdk-18.0.1.1\bin\jsvml.dll
0x00007ffa281b0000 - 0x00007ffa28897000 	C:\WINDOWS\System32\SHELL32.dll
0x00007ffa28100000 - 0x00007ffa281a8000 	C:\WINDOWS\System32\shcore.dll
0x00007ffa27540000 - 0x00007ffa27cbb000 	C:\WINDOWS\System32\windows.storage.dll
0x00007ffa26f60000 - 0x00007ffa26f7e000 	C:\WINDOWS\System32\profapi.dll
0x00007ffa26f10000 - 0x00007ffa26f5a000 	C:\WINDOWS\System32\powrprof.dll
0x00007ffa26f00000 - 0x00007ffa26f10000 	C:\WINDOWS\System32\UMPDC.dll
0x00007ffa29980000 - 0x00007ffa299d2000 	C:\WINDOWS\System32\shlwapi.dll
0x00007ffa27fd0000 - 0x00007ffa27fe7000 	C:\WINDOWS\System32\cryptsp.dll
0x00007ffa1cd60000 - 0x00007ffa1cd78000 	C:\Users\HONOR\.jdks\openjdk-18.0.1.1\bin\zip.dll
0x00007ffa1c870000 - 0x00007ffa1c883000 	C:\Users\HONOR\.jdks\openjdk-18.0.1.1\bin\net.dll
0x00007ffa19f80000 - 0x00007ffa1a07a000 	C:\WINDOWS\SYSTEM32\WINHTTP.dll
0x00007ffa266e0000 - 0x00007ffa26747000 	C:\WINDOWS\system32\mswsock.dll
0x00007ffa1bc20000 - 0x00007ffa1bc36000 	C:\Users\HONOR\.jdks\openjdk-18.0.1.1\bin\nio.dll
0x00007ffa1bc00000 - 0x00007ffa1bc1a000 	D:\IntelliJ IDEA 2021.3.3\bin\breakgen64.dll
0x00007ffa1dc50000 - 0x00007ffa1dc60000 	C:\Users\HONOR\.jdks\openjdk-18.0.1.1\bin\verify.dll

dbghelp: loaded successfully - version: 4.0.5 - missing functions: none
symbol engine: initialized successfully - sym options: 0x614 - pdb path: .;C:\Users\HONOR\.jdks\openjdk-18.0.1.1\bin;C:\WINDOWS\SYSTEM32;C:\WINDOWS\WinSxS\amd64_microsoft.windows.common-controls_6595b64144ccf1df_6.0.18362.1556_none_9e7e372fe45e41d5;C:\Users\HONOR\.jdks\openjdk-18.0.1.1\bin\server;D:\IntelliJ IDEA 2021.3.3\bin

VM Arguments:
jvm_args: -javaagent:D:\IntelliJ IDEA 2021.3.3\lib\idea_rt.jar=64123:D:\IntelliJ IDEA 2021.3.3\bin -Dfile.encoding=UTF-8 
java_command: com.company.Main
java_class_path (initial): C:\Users\HONOR\Downloads\GameServer\out\production\GameServer;C:\Users\HONOR\Desktop\gson-2.8.2.jar;C:\Users\HONOR\Desktop\reflections-0.9.10.jar;C:\Users\HONOR\Desktop\javassist-3.19.0-GA.jar;C:\Users\HONOR\Desktop\guava-15.0.jar;C:\Users\HONOR\Desktop\annotations-2.0.1.jar
Launcher Type: SUN_STANDARD

[Global flags]
     intx CICompilerCount                          = 4                                         {product} {ergonomic}
     uint ConcGCThreads                            = 2                                         {product} {ergonomic}
     uint G1ConcRefinementThreads                  = 8                                         {product} {ergonomic}
   size_t G1HeapRegionSize                         = 1048576                                   {product} {ergonomic}
    uintx GCDrainStackTargetSize                   = 64                                        {product} {ergonomic}
   size_t InitialHeapSize                          = 117440512                                 {product} {ergonomic}
   size_t MarkStackSize                            = 4194304                                   {product} {ergonomic}
   size_t MaxHeapSize                              = 1853882368                                {product} {ergonomic}
   size_t MaxNewSize                               = 1111490560                                {product} {ergonomic}
   size_t MinHeapDeltaBytes                        = 1048576                                   {product} {ergonomic}
   size_t MinHeapSize                              = 8388608                                   {product} {ergonomic}
    uintx NonNMethodCodeHeapSize                   = 5839372                                {pd product} {ergonomic}
    uintx NonProfiledCodeHeapSize                  = 122909434                              {pd product} {ergonomic}
    uintx ProfiledCodeHeapSize                     = 122909434                              {pd product} {ergonomic}
    uintx ReservedCodeCacheSize                    = 251658240                              {pd product} {ergonomic}
     bool SegmentedCodeCache                       = true                                      {product} {ergonomic}
   size_t SoftMaxHeapSize                          = 1853882368                             {manageable} {ergonomic}
     bool UseCompressedClassPointers               = true                           {product lp64_product} {ergonomic}
     bool UseCompressedOops                        = true                           {product lp64_product} {ergonomic}
     bool UseG1GC                                  = true                                      {product} {ergonomic}
     bool UseLargePagesIndividualAllocation        = false                                  {pd product} {ergonomic}

Logging:
Log output configuration:
 #0: stdout all=warning uptime,level,tags foldmultilines=false
 #1: stderr all=off uptime,level,tags foldmultilines=false

Environment Variables:
JAVA_HOME=C:\Program Files\Java\jdk1.8.0_231
PATH=C:\Program Files\Common Files\Oracle\Java\javapath;C:\Users\HONOR\gcc\bin;C:\Users\HONOR\gcc\libexec\gcc\x86_64-w64-mingw32\8.3.0;C:\Program Files (x86)\Common Files\Oracle\Java\javapath;C:\ProgramData\Oracle\Java\javapath;C:\WINDOWS\system32;C:\WINDOWS;C:\WINDOWS\System32\Wbem;C:\WINDOWS\System32\WindowsPowerShell\v1.0\;C:\WINDOWS\System32\OpenSSH\;C:\Program Files\Intel\WiFi\bin\;C:\Program Files\Common Files\Intel\WirelessCommon\;C:\Program Files\dotnet\;C:\Program Files\Java\jdk1.8.0_231\bin;D:\;C:\Program Files\nodejs\;C:\Program Files (x86)\dotnet\;C:\Program Files\Git\cmd;C:\Program Files\MySQL\MySQL Shell 8.0\bin\;C:\Users\HONOR\AppData\Local\Android\Sdk\platform-tools;C:\Users\HONOR\AppData\Local\Android\Sdk\tools;C:\Users\HONOR\AppData\Local\Programs\Python\Python38-32\Scripts\;C:\Users\HONOR\AppData\Local\Programs\Python\Python38-32\;C:\Program Files\Java\jdk1.8.0_231\bin;D:\Microsoft VS Code\bin;C:\Users\HONOR\.dotnet\tools;C:\Users\HONOR\AppData\Local\Microsoft\WindowsApps;C:\Program Files\Tesseract-OCR\tesseract.exe;C:\Program Files\JetBrains\PyCharm Community Edition 2020.2.3\bin;C:\Users\HONOR\.dotnet\tools;C:\Users\HONOR\AppData\Roaming\npm;C:\Users\HONOR\AppData\Local\JetBrains\Toolbox\scripts;
USERNAME=HONOR
OS=Windows_NT
PROCESSOR_IDENTIFIER=AMD64 Family 23 Model 17 Stepping 0, AuthenticAMD



---------------  S Y S T E M  ---------------

OS:
 Windows 10 , 64 bit Build 18362 (10.0.18362.1500)
OS uptime: 81 days 18:08 hours

CPU: total 8 (initial active 8) (8 cores per cpu, 2 threads per core) family 23 model 17 stepping 0 microcode 0x0, cx8, cmov, fxsr, ht, mmx, 3dnowpref, sse, sse2, sse3, ssse3, sse4a, sse4.1, sse4.2, popcnt, lzcnt, tsc, tscinvbit, avx, avx2, aes, clmul, bmi1, bmi2, adx, sha, fma, vzeroupper, clflush, clflushopt

Memory: 4k page, system-wide physical 7069M (561M free)
TotalPageFile size 20416M (AvailPageFile size 0M)
current process WorkingSet (physical memory assigned to process): 20M, peak: 74M
current process commit charge ("private bytes"): 200M, peak: 212M

vm_info: OpenJDK 64-Bit Server VM (18.0.1.1+2-6) for windows-amd64 JRE (18.0.1.1+2-6), built on Apr 25 2022 21:50:56 by "mach5one" with MS VC++ 16.8 / 16.9 (VS2019)

END.
