#
# There is insufficient memory for the Java Runtime Environment to continue.
# Native memory allocation (mmap) failed to map 117440512 bytes for G1 virtual space
# Possible reasons:
#   The system is out of physical RAM or swap space
#   The process is running with CompressedOops enabled, and the Java Heap may be blocking the growth of the native heap
# Possible solutions:
#   Reduce memory load on the system
#   Increase physical memory or swap space
#   Check if swap backing store is full
#   Decrease Java heap size (-Xmx/-Xms)
#   Decrease number of Java threads
#   Decrease Java thread stack sizes (-Xss)
#   Set larger code cache with -XX:ReservedCodeCacheSize=
#   JVM is running with Unscaled Compressed Oops mode in which the Java heap is
#     placed in the first 4GB address space. The Java Heap base address is the
#     maximum limit for the native heap growth. Please use -XX:HeapBaseMinAddress
#     to set the Java Heap base and to place the Java Heap above 4GB virtual address.
# This output file may be truncated or incomplete.
#
#  Out of Memory Error (os_windows.cpp:3530), pid=33460, tid=40128
#
# JRE version:  (18.0.1.1+2) (build )
# Java VM: OpenJDK 64-Bit Server VM (18.0.1.1+2-6, mixed mode, sharing, tiered, compressed oops, compressed class ptrs, g1 gc, windows-amd64)
# No core dump will be written. Minidumps are not enabled by default on client versions of Windows
#

---------------  S U M M A R Y ------------

Command Line: -javaagent:D:\IntelliJ IDEA 2021.3.3\lib\idea_rt.jar=56818:D:\IntelliJ IDEA 2021.3.3\bin -Dfile.encoding=UTF-8 com.company.Main

Host: AMD Ryzen 5 2500U with Radeon Vega Mobile Gfx  , 8 cores, 6G,  Windows 10 , 64 bit Build 18362 (10.0.18362.1500)
Time: Sat Jan  7 00:54:36 2023 RTZ 7 (зима) elapsed time: 0.038227 seconds (0d 0h 0m 0s)

---------------  T H R E A D  ---------------

Current thread (0x000001ec7e6b25f0):  JavaThread "Unknown thread" [_thread_in_vm, id=40128, stack(0x0000005642100000,0x0000005642200000)]

Stack: [0x0000005642100000,0x0000005642200000]
Native frames: (J=compiled Java code, j=interpreted, Vv=VM code, C=native code)
V  [jvm.dll+0x69887a]
V  [jvm.dll+0x7f38bd]
V  [jvm.dll+0x7f51ce]
V  [jvm.dll+0x7f5883]
V  [jvm.dll+0x25ca3f]
V  [jvm.dll+0x6957c9]
V  [jvm.dll+0x68a2fa]
V  [jvm.dll+0x321efb]
V  [jvm.dll+0x3298d6]
V  [jvm.dll+0x37e47e]
V  [jvm.dll+0x37e6af]
V  [jvm.dll+0x2f9c7a]
V  [jvm.dll+0x2facdd]
V  [jvm.dll+0x7c24f0]
V  [jvm.dll+0x38b801]
V  [jvm.dll+0x7a1203]
V  [jvm.dll+0x40d6bf]
V  [jvm.dll+0x40f091]
C  [jli.dll+0x526b]
C  [ucrtbase.dll+0x210b2]
C  [KERNEL32.DLL+0x17c24]
C  [ntdll.dll+0x6d721]


---------------  P R O C E S S  ---------------

Threads class SMR info:
_java_thread_list=0x00007ff9e11ed550, length=0, elements={
}

Java Threads: ( => current thread )

Other Threads:
  0x000001ec7e70d620 WorkerThread "GC Thread#0" [stack: 0x0000005642200000,0x0000005642300000] [id=32688]
  0x000001ec7e71d170 ConcurrentGCThread "G1 Main Marker" [stack: 0x0000005642300000,0x0000005642400000] [id=5012]
  0x000001ec7e71e210 WorkerThread "G1 Conc#0" [stack: 0x0000005642400000,0x0000005642500000] [id=13416]

[error occurred during error reporting (printing all threads), id 0xc0000005, EXCEPTION_ACCESS_VIOLATION (0xc0000005) at pc=0x00007ff9e0a1a217]

VM state: not at safepoint (not fully initialized)

VM Mutex/Monitor currently owned by a thread:  ([mutex/lock_event])
[0x000001ec7e6af2e0] Heap_lock - owner thread: 0x000001ec7e6b25f0

Heap address: 0x0000000091800000, size: 1768 MB, Compressed Oops mode: 32-bit

CDS archive(s) mapped at: [0x0000000000000000-0x0000000000000000-0x0000000000000000), size 0, SharedBaseAddress: 0x0000000800000000, ArchiveRelocationMode: 0.
Narrow klass base: 0x0000000000000000, Narrow klass shift: 0, Narrow klass range: 0x0

GC Precious Log:
 CardTable entry size: 512
 Card Set container configuration: InlinePtr #cards 5 size 8 Array Of Cards #cards 12 size 40 Howl #buckets 4 coarsen threshold 1843 Howl Bitmap #cards 512 size 80 coarsen threshold 460 Card regions per heap region 1 cards per card region 2048

Heap:
 garbage-first heap   total 0K, used 0K [0x0000000091800000, 0x0000000100000000)
  region size 1024K, 0 young (0K), 0 survivors (0K)

[error occurred during error reporting (printing heap information), id 0xc0000005, EXCEPTION_ACCESS_VIOLATION (0xc0000005) at pc=0x00007ff9e0e00cb9]

GC Heap History (0 events):
No events

Deoptimization events (0 events):
No events

Classes loaded (0 events):
No events

Classes unloaded (0 events):
No events

Classes redefined (0 events):
No events

Internal exceptions (0 events):
No events

VM Operations (0 events):
No events

Events (1 events):
Event: 0.019 Loaded shared library C:\Users\HONOR\.jdks\openjdk-18.0.1.1\bin\java.dll


Dynamic libraries:
0x00007ff7ec040000 - 0x00007ff7ec04e000 	C:\Users\HONOR\.jdks\openjdk-18.0.1.1\bin\java.exe
0x00007ffa2a080000 - 0x00007ffa2a270000 	C:\WINDOWS\SYSTEM32\ntdll.dll
0x00007ffa29280000 - 0x00007ffa29332000 	C:\WINDOWS\System32\KERNEL32.DLL
0x00007ffa27cc0000 - 0x00007ffa27f65000 	C:\WINDOWS\System32\KERNELBASE.dll
0x00007ffa27440000 - 0x00007ffa2753a000 	C:\WINDOWS\System32\ucrtbase.dll
0x00007ffa1d2b0000 - 0x00007ffa1d2c7000 	C:\Users\HONOR\.jdks\openjdk-18.0.1.1\bin\jli.dll
0x00007ffa1d2d0000 - 0x00007ffa1d2ea000 	C:\Users\HONOR\.jdks\openjdk-18.0.1.1\bin\VCRUNTIME140.dll
0x00007ffa29470000 - 0x00007ffa29604000 	C:\WINDOWS\System32\USER32.dll
0x00007ffa15c70000 - 0x00007ffa15ef4000 	C:\WINDOWS\WinSxS\amd64_microsoft.windows.common-controls_6595b64144ccf1df_6.0.18362.1556_none_9e7e372fe45e41d5\COMCTL32.dll
0x00007ffa28080000 - 0x00007ffa280a1000 	C:\WINDOWS\System32\win32u.dll
0x00007ffa29120000 - 0x00007ffa291be000 	C:\WINDOWS\System32\msvcrt.dll
0x00007ffa288a0000 - 0x00007ffa288c6000 	C:\WINDOWS\System32\GDI32.dll
0x00007ffa26ff0000 - 0x00007ffa27188000 	C:\WINDOWS\System32\gdi32full.dll
0x00007ffa29cd0000 - 0x00007ffa2a006000 	C:\WINDOWS\System32\combase.dll
0x00007ffa27240000 - 0x00007ffa272de000 	C:\WINDOWS\System32\msvcp_win.dll
0x00007ffa29a10000 - 0x00007ffa29b2f000 	C:\WINDOWS\System32\RPCRT4.dll
0x00007ffa27ff0000 - 0x00007ffa28071000 	C:\WINDOWS\System32\bcryptPrimitives.dll
0x00007ffa299e0000 - 0x00007ffa29a0e000 	C:\WINDOWS\System32\IMM32.DLL
0x00007ffa210d0000 - 0x00007ffa210dc000 	C:\Users\HONOR\.jdks\openjdk-18.0.1.1\bin\vcruntime140_1.dll
0x00007ffa0f860000 - 0x00007ffa0f8ed000 	C:\Users\HONOR\.jdks\openjdk-18.0.1.1\bin\msvcp140.dll
0x00007ff9e0710000 - 0x00007ff9e1320000 	C:\Users\HONOR\.jdks\openjdk-18.0.1.1\bin\server\jvm.dll
0x00007ffa293c0000 - 0x00007ffa29463000 	C:\WINDOWS\System32\ADVAPI32.dll
0x00007ffa29b30000 - 0x00007ffa29bc7000 	C:\WINDOWS\System32\sechost.dll
0x00007ffa29bf0000 - 0x00007ffa29bf8000 	C:\WINDOWS\System32\PSAPI.DLL
0x00007ffa1dc90000 - 0x00007ffa1dc9a000 	C:\WINDOWS\SYSTEM32\VERSION.dll
0x00007ffa24e60000 - 0x00007ffa24e84000 	C:\WINDOWS\SYSTEM32\WINMM.dll
0x00007ffa11aa0000 - 0x00007ffa11aa9000 	C:\WINDOWS\SYSTEM32\WSOCK32.dll
0x00007ffa29610000 - 0x00007ffa2967f000 	C:\WINDOWS\System32\WS2_32.dll
0x00007ffa249e0000 - 0x00007ffa24a0d000 	C:\WINDOWS\SYSTEM32\winmmbase.dll
0x00007ffa280b0000 - 0x00007ffa280fa000 	C:\WINDOWS\System32\cfgmgr32.dll
0x00007ffa26fa0000 - 0x00007ffa26fb1000 	C:\WINDOWS\System32\kernel.appcore.dll
0x00007ffa1f4c0000 - 0x00007ffa1f4ca000 	C:\Users\HONOR\.jdks\openjdk-18.0.1.1\bin\jimage.dll
0x00007ffa14600000 - 0x00007ffa147f4000 	C:\WINDOWS\SYSTEM32\DBGHELP.DLL
0x00007ffa134a0000 - 0x00007ffa134ca000 	C:\WINDOWS\SYSTEM32\dbgcore.DLL
0x00007ffa1b520000 - 0x00007ffa1b52e000 	C:\Users\HONOR\.jdks\openjdk-18.0.1.1\bin\instrument.dll
0x00007ffa0f470000 - 0x00007ffa0f495000 	C:\Users\HONOR\.jdks\openjdk-18.0.1.1\bin\java.dll

dbghelp: loaded successfully - version: 4.0.5 - missing functions: none
symbol engine: initialized successfully - sym options: 0x614 - pdb path: .;C:\Users\HONOR\.jdks\openjdk-18.0.1.1\bin;C:\WINDOWS\SYSTEM32;C:\WINDOWS\WinSxS\amd64_microsoft.windows.common-controls_6595b64144ccf1df_6.0.18362.1556_none_9e7e372fe45e41d5;C:\Users\HONOR\.jdks\openjdk-18.0.1.1\bin\server

VM Arguments:
jvm_args: -javaagent:D:\IntelliJ IDEA 2021.3.3\lib\idea_rt.jar=56818:D:\IntelliJ IDEA 2021.3.3\bin -Dfile.encoding=UTF-8 
java_command: com.company.Main
java_class_path (initial): C:\Users\HONOR\Downloads\GameServer\out\production\GameServer;C:\Users\HONOR\Desktop\gson-2.8.2.jar;C:\Users\HONOR\Desktop\reflections-0.9.10.jar;C:\Users\HONOR\Desktop\javassist-3.19.0-GA.jar;C:\Users\HONOR\Desktop\guava-15.0.jar;C:\Users\HONOR\Desktop\annotations-2.0.1.jar
Launcher Type: SUN_STANDARD

[Global flags]
     intx CICompilerCount                          = 4                                         {product} {ergonomic}
     uint ConcGCThreads                            = 2                                         {product} {ergonomic}
     uint G1ConcRefinementThreads                  = 8                                         {product} {ergonomic}
   size_t G1HeapRegionSize                         = 1048576                                   {product} {ergonomic}
    uintx GCDrainStackTargetSize                   = 64                                        {product} {ergonomic}
   size_t InitialHeapSize                          = 117440512                                 {product} {ergonomic}
   size_t MarkStackSize                            = 4194304                                   {product} {ergonomic}
   size_t MaxHeapSize                              = 1853882368                                {product} {ergonomic}
   size_t MinHeapDeltaBytes                        = 1048576                                   {product} {ergonomic}
   size_t MinHeapSize                              = 8388608                                   {product} {ergonomic}
    uintx NonNMethodCodeHeapSize                   = 5839372                                {pd product} {ergonomic}
    uintx NonProfiledCodeHeapSize                  = 122909434                              {pd product} {ergonomic}
    uintx ProfiledCodeHeapSize                     = 122909434                              {pd product} {ergonomic}
    uintx ReservedCodeCacheSize                    = 251658240                              {pd product} {ergonomic}
     bool SegmentedCodeCache                       = true                                      {product} {ergonomic}
   size_t SoftMaxHeapSize                          = 1853882368                             {manageable} {ergonomic}
     bool UseCompressedClassPointers               = true                           {product lp64_product} {ergonomic}
     bool UseCompressedOops                        = true                           {product lp64_product} {ergonomic}
     bool UseG1GC                                  = true                                      {product} {ergonomic}
     bool UseLargePagesIndividualAllocation        = false                                  {pd product} {ergonomic}

Logging:
Log output configuration:
 #0: stdout all=warning uptime,level,tags foldmultilines=false
 #1: stderr all=off uptime,level,tags foldmultilines=false

Environment Variables:
JAVA_HOME=C:\Program Files\Java\jdk1.8.0_231
PATH=C:\Program Files\Common Files\Oracle\Java\javapath;C:\Users\HONOR\gcc\bin;C:\Users\HONOR\gcc\libexec\gcc\x86_64-w64-mingw32\8.3.0;C:\Program Files (x86)\Common Files\Oracle\Java\javapath;C:\ProgramData\Oracle\Java\javapath;C:\WINDOWS\system32;C:\WINDOWS;C:\WINDOWS\System32\Wbem;C:\WINDOWS\System32\WindowsPowerShell\v1.0\;C:\WINDOWS\System32\OpenSSH\;C:\Program Files\Intel\WiFi\bin\;C:\Program Files\Common Files\Intel\WirelessCommon\;C:\Program Files\dotnet\;C:\Program Files\Java\jdk1.8.0_231\bin;D:\;C:\Program Files\nodejs\;C:\Program Files (x86)\dotnet\;C:\Program Files\Git\cmd;C:\Program Files\MySQL\MySQL Shell 8.0\bin\;C:\Users\HONOR\AppData\Local\Android\Sdk\platform-tools;C:\Users\HONOR\AppData\Local\Android\Sdk\tools;C:\Users\HONOR\AppData\Local\Programs\Python\Python38-32\Scripts\;C:\Users\HONOR\AppData\Local\Programs\Python\Python38-32\;C:\Program Files\Java\jdk1.8.0_231\bin;D:\Microsoft VS Code\bin;C:\Users\HONOR\.dotnet\tools;C:\Users\HONOR\AppData\Local\Microsoft\WindowsApps;C:\Program Files\Tesseract-OCR\tesseract.exe;C:\Program Files\JetBrains\PyCharm Community Edition 2020.2.3\bin;C:\Users\HONOR\.dotnet\tools;C:\Users\HONOR\AppData\Roaming\npm;C:\Users\HONOR\AppData\Local\JetBrains\Toolbox\scripts;
USERNAME=HONOR
OS=Windows_NT
PROCESSOR_IDENTIFIER=AMD64 Family 23 Model 17 Stepping 0, AuthenticAMD



---------------  S Y S T E M  ---------------

OS:
 Windows 10 , 64 bit Build 18362 (10.0.18362.1500)
OS uptime: 79 days 10:14 hours

CPU: total 8 (initial active 8) (8 cores per cpu, 2 threads per core) family 23 model 17 stepping 0 microcode 0x0, cx8, cmov, fxsr, ht, mmx, 3dnowpref, sse, sse2, sse3, ssse3, sse4a, sse4.1, sse4.2, popcnt, lzcnt, tsc, tscinvbit, avx, avx2, aes, clmul, bmi1, bmi2, adx, sha, fma, vzeroupper, clflush, clflushopt

Memory: 4k page, system-wide physical 7069M (441M free)
TotalPageFile size 20416M (AvailPageFile size 102M)
current process WorkingSet (physical memory assigned to process): 10M, peak: 10M
current process commit charge ("private bytes"): 60M, peak: 172M

vm_info: OpenJDK 64-Bit Server VM (18.0.1.1+2-6) for windows-amd64 JRE (18.0.1.1+2-6), built on Apr 25 2022 21:50:56 by "mach5one" with MS VC++ 16.8 / 16.9 (VS2019)

END.
