#
# There is insufficient memory for the Java Runtime Environment to continue.
# Native memory allocation (malloc) failed to allocate 32744 bytes for Chunk::new
# Possible reasons:
#   The system is out of physical RAM or swap space
#   The process is running with CompressedOops enabled, and the Java Heap may be blocking the growth of the native heap
# Possible solutions:
#   Reduce memory load on the system
#   Increase physical memory or swap space
#   Check if swap backing store is full
#   Decrease Java heap size (-Xmx/-Xms)
#   Decrease number of Java threads
#   Decrease Java thread stack sizes (-Xss)
#   Set larger code cache with -XX:ReservedCodeCacheSize=
#   JVM is running with Unscaled Compressed Oops mode in which the Java heap is
#     placed in the first 4GB address space. The Java Heap base address is the
#     maximum limit for the native heap growth. Please use -XX:HeapBaseMinAddress
#     to set the Java Heap base and to place the Java Heap above 4GB virtual address.
# This output file may be truncated or incomplete.
#
#  Out of Memory Error (arena.cpp:184), pid=39884, tid=824
#
# JRE version: OpenJDK Runtime Environment (18.0.1.1+2) (build 18.0.1.1+2-6)
# Java VM: OpenJDK 64-Bit Server VM (18.0.1.1+2-6, mixed mode, sharing, tiered, compressed oops, compressed class ptrs, g1 gc, windows-amd64)
# No core dump will be written. Minidumps are not enabled by default on client versions of Windows
#

---------------  S U M M A R Y ------------

Command Line: -javaagent:D:\IntelliJ IDEA 2021.3.3\lib\idea_rt.jar=54779:D:\IntelliJ IDEA 2021.3.3\bin -Dfile.encoding=UTF-8 com.company.Main

Host: AMD Ryzen 5 2500U with Radeon Vega Mobile Gfx  , 8 cores, 6G,  Windows 10 , 64 bit Build 18362 (10.0.18362.1500)
Time: Mon Jan  9 08:51:39 2023 RTZ 7 (зима) elapsed time: 110.607598 seconds (0d 0h 1m 50s)

---------------  T H R E A D  ---------------

Current thread (0x0000024a7cee1be0):  JavaThread "C1 CompilerThread0" daemon [_thread_in_native, id=824, stack(0x0000008dae500000,0x0000008dae600000)]


Current CompileTask:
C1: 110608  925       3       java.net.URLStreamHandler::parseURL (1124 bytes)

Stack: [0x0000008dae500000,0x0000008dae600000]
Native frames: (J=compiled Java code, j=interpreted, Vv=VM code, C=native code)
V  [jvm.dll+0x69887a]
V  [jvm.dll+0x7f38bd]
V  [jvm.dll+0x7f51ce]
V  [jvm.dll+0x7f5883]
V  [jvm.dll+0x25ca3f]
V  [jvm.dll+0xb8c2f]
V  [jvm.dll+0xb8fa5]
V  [jvm.dll+0x131175]
V  [jvm.dll+0x18f07c]
V  [jvm.dll+0x18f643]
V  [jvm.dll+0x148df3]
V  [jvm.dll+0x1486cf]
V  [jvm.dll+0x148926]
V  [jvm.dll+0x147d9a]
V  [jvm.dll+0x149a81]
V  [jvm.dll+0x23e8ca]
V  [jvm.dll+0x23cbb5]
V  [jvm.dll+0x7a5fb1]
V  [jvm.dll+0x7a03ea]
V  [jvm.dll+0x697725]
C  [ucrtbase.dll+0x210b2]
C  [KERNEL32.DLL+0x17c24]
C  [ntdll.dll+0x6d721]


---------------  P R O C E S S  ---------------

Threads class SMR info:
_java_thread_list=0x0000024a7d3b7f50, length=15, elements={
0x0000024a6e6d2350, 0x0000024a7ceb4e40, 0x0000024a7ceb5af0, 0x0000024a7ced20c0,
0x0000024a7ced2970, 0x0000024a7ced3220, 0x0000024a7cedc430, 0x0000024a7cee0650,
0x0000024a7cee1be0, 0x0000024a7cee66f0, 0x0000024a7d0e11a0, 0x0000024a7d236b60,
0x0000024a7d26df90, 0x0000024a6c4c5950, 0x0000024a7d56b250
}

Java Threads: ( => current thread )
  0x0000024a6e6d2350 JavaThread "main" [_thread_in_native, id=29188, stack(0x0000008dad700000,0x0000008dad800000)]
  0x0000024a7ceb4e40 JavaThread "Reference Handler" daemon [_thread_blocked, id=39192, stack(0x0000008dade00000,0x0000008dadf00000)]
  0x0000024a7ceb5af0 JavaThread "Finalizer" daemon [_thread_blocked, id=1508, stack(0x0000008dadf00000,0x0000008dae000000)]
  0x0000024a7ced20c0 JavaThread "Signal Dispatcher" daemon [_thread_blocked, id=26484, stack(0x0000008dae000000,0x0000008dae100000)]
  0x0000024a7ced2970 JavaThread "Attach Listener" daemon [_thread_blocked, id=11964, stack(0x0000008dae100000,0x0000008dae200000)]
  0x0000024a7ced3220 JavaThread "Service Thread" daemon [_thread_blocked, id=21876, stack(0x0000008dae200000,0x0000008dae300000)]
  0x0000024a7cedc430 JavaThread "Monitor Deflation Thread" daemon [_thread_blocked, id=36968, stack(0x0000008dae300000,0x0000008dae400000)]
  0x0000024a7cee0650 JavaThread "C2 CompilerThread0" daemon [_thread_in_native, id=29832, stack(0x0000008dae400000,0x0000008dae500000)]
=>0x0000024a7cee1be0 JavaThread "C1 CompilerThread0" daemon [_thread_in_native, id=824, stack(0x0000008dae500000,0x0000008dae600000)]
  0x0000024a7cee66f0 JavaThread "Sweeper thread" daemon [_thread_blocked, id=21872, stack(0x0000008dae600000,0x0000008dae700000)]
  0x0000024a7d0e11a0 JavaThread "Common-Cleaner" daemon [_thread_blocked, id=23716, stack(0x0000008dae700000,0x0000008dae800000)]
  0x0000024a7d236b60 JavaThread "Monitor Ctrl-Break" daemon [_thread_in_native, id=38564, stack(0x0000008dae800000,0x0000008dae900000)]
  0x0000024a7d26df90 JavaThread "Notification Thread" daemon [_thread_blocked, id=28204, stack(0x0000008dae900000,0x0000008daea00000)]
  0x0000024a6c4c5950 JavaThread "Thread-0" [_thread_in_native, id=860, stack(0x0000008dad400000,0x0000008dad500000)]
  0x0000024a7d56b250 JavaThread "Thread-1" [_thread_in_native, id=12752, stack(0x0000008dad500000,0x0000008dad600000)]

Other Threads:
  0x0000024a6e7464f0 VMThread "VM Thread" [stack: 0x0000008dadd00000,0x0000008dade00000] [id=21484]
  0x0000024a7d26f480 WatcherThread "VM Periodic Task Thread" [stack: 0x0000008daea00000,0x0000008daeb00000] [id=36644]
  0x0000024a6e72a460 WorkerThread "GC Thread#0" [stack: 0x0000008dad800000,0x0000008dad900000] [id=16536]
  0x0000024a6e73afc0 ConcurrentGCThread "G1 Main Marker" [stack: 0x0000008dad900000,0x0000008dada00000] [id=35880]
  0x0000024a6e73b8c0 WorkerThread "G1 Conc#0" [stack: 0x0000008dada00000,0x0000008dadb00000] [id=15520]
  0x0000024a6e78cb90 ConcurrentGCThread "G1 Refine#0" [stack: 0x0000008dadb00000,0x0000008dadc00000] [id=27064]
  0x0000024a6e78d3b0 ConcurrentGCThread "G1 Service" [stack: 0x0000008dadc00000,0x0000008dadd00000] [id=25116]

Threads with active compile tasks:
C2 CompilerThread0   110691  908       4       javassist.bytecode.AttributeInfo::read (477 bytes)
C1 CompilerThread0   110691  925       3       java.net.URLStreamHandler::parseURL (1124 bytes)

VM state: not at safepoint (normal execution)

VM Mutex/Monitor currently owned by a thread: None

Heap address: 0x0000000091800000, size: 1768 MB, Compressed Oops mode: 32-bit

CDS archive(s) mapped at: [0x0000000800000000-0x0000000800b90000-0x0000000800b90000), size 12124160, SharedBaseAddress: 0x0000000800000000, ArchiveRelocationMode: 0.
Compressed class space mapped at: 0x0000000800c00000-0x0000000840c00000, reserved size: 1073741824
Narrow klass base: 0x0000000800000000, Narrow klass shift: 0, Narrow klass range: 0x100000000

GC Precious Log:
 CardTable entry size: 512
 Card Set container configuration: InlinePtr #cards 5 size 8 Array Of Cards #cards 12 size 40 Howl #buckets 4 coarsen threshold 1843 Howl Bitmap #cards 512 size 80 coarsen threshold 460 Card regions per heap region 1 cards per card region 2048
 CPUs: 8 total, 8 available
 Memory: 7069M
 Large Page Support: Disabled
 NUMA Support: Disabled
 Compressed Oops: Enabled (32-bit)
 Heap Region Size: 1M
 Heap Min Capacity: 8M
 Heap Initial Capacity: 112M
 Heap Max Capacity: 1768M
 Pre-touch: Disabled
 Parallel Workers: 8
 Concurrent Workers: 2
 Concurrent Refinement Workers: 8
 Periodic GC: Disabled

Heap:
 garbage-first heap   total 114688K, used 19456K [0x0000000091800000, 0x0000000100000000)
  region size 1024K, 20 young (20480K), 0 survivors (0K)
 Metaspace       used 3743K, committed 3904K, reserved 1114112K
  class space    used 381K, committed 448K, reserved 1048576K

Heap Regions: E=young(eden), S=young(survivor), O=old, HS=humongous(starts), HC=humongous(continues), CS=collection set, F=free, OA=open archive, CA=closed archive, TAMS=top-at-mark-start (previous, next)
|   0|0x0000000091800000, 0x0000000091800000, 0x0000000091900000|  0%| F|  |TAMS 0x0000000091800000, 0x0000000091800000| Untracked 
|   1|0x0000000091900000, 0x0000000091900000, 0x0000000091a00000|  0%| F|  |TAMS 0x0000000091900000, 0x0000000091900000| Untracked 
|   2|0x0000000091a00000, 0x0000000091a00000, 0x0000000091b00000|  0%| F|  |TAMS 0x0000000091a00000, 0x0000000091a00000| Untracked 
|   3|0x0000000091b00000, 0x0000000091b00000, 0x0000000091c00000|  0%| F|  |TAMS 0x0000000091b00000, 0x0000000091b00000| Untracked 
|   4|0x0000000091c00000, 0x0000000091c00000, 0x0000000091d00000|  0%| F|  |TAMS 0x0000000091c00000, 0x0000000091c00000| Untracked 
|   5|0x0000000091d00000, 0x0000000091d00000, 0x0000000091e00000|  0%| F|  |TAMS 0x0000000091d00000, 0x0000000091d00000| Untracked 
|   6|0x0000000091e00000, 0x0000000091e00000, 0x0000000091f00000|  0%| F|  |TAMS 0x0000000091e00000, 0x0000000091e00000| Untracked 
|   7|0x0000000091f00000, 0x0000000091f00000, 0x0000000092000000|  0%| F|  |TAMS 0x0000000091f00000, 0x0000000091f00000| Untracked 
|   8|0x0000000092000000, 0x0000000092000000, 0x0000000092100000|  0%| F|  |TAMS 0x0000000092000000, 0x0000000092000000| Untracked 
|   9|0x0000000092100000, 0x0000000092100000, 0x0000000092200000|  0%| F|  |TAMS 0x0000000092100000, 0x0000000092100000| Untracked 
|  10|0x0000000092200000, 0x0000000092200000, 0x0000000092300000|  0%| F|  |TAMS 0x0000000092200000, 0x0000000092200000| Untracked 
|  11|0x0000000092300000, 0x0000000092300000, 0x0000000092400000|  0%| F|  |TAMS 0x0000000092300000, 0x0000000092300000| Untracked 
|  12|0x0000000092400000, 0x0000000092400000, 0x0000000092500000|  0%| F|  |TAMS 0x0000000092400000, 0x0000000092400000| Untracked 
|  13|0x0000000092500000, 0x0000000092500000, 0x0000000092600000|  0%| F|  |TAMS 0x0000000092500000, 0x0000000092500000| Untracked 
|  14|0x0000000092600000, 0x0000000092600000, 0x0000000092700000|  0%| F|  |TAMS 0x0000000092600000, 0x0000000092600000| Untracked 
|  15|0x0000000092700000, 0x0000000092700000, 0x0000000092800000|  0%| F|  |TAMS 0x0000000092700000, 0x0000000092700000| Untracked 
|  16|0x0000000092800000, 0x0000000092800000, 0x0000000092900000|  0%| F|  |TAMS 0x0000000092800000, 0x0000000092800000| Untracked 
|  17|0x0000000092900000, 0x0000000092900000, 0x0000000092a00000|  0%| F|  |TAMS 0x0000000092900000, 0x0000000092900000| Untracked 
|  18|0x0000000092a00000, 0x0000000092a00000, 0x0000000092b00000|  0%| F|  |TAMS 0x0000000092a00000, 0x0000000092a00000| Untracked 
|  19|0x0000000092b00000, 0x0000000092b00000, 0x0000000092c00000|  0%| F|  |TAMS 0x0000000092b00000, 0x0000000092b00000| Untracked 
|  20|0x0000000092c00000, 0x0000000092c00000, 0x0000000092d00000|  0%| F|  |TAMS 0x0000000092c00000, 0x0000000092c00000| Untracked 
|  21|0x0000000092d00000, 0x0000000092d00000, 0x0000000092e00000|  0%| F|  |TAMS 0x0000000092d00000, 0x0000000092d00000| Untracked 
|  22|0x0000000092e00000, 0x0000000092e00000, 0x0000000092f00000|  0%| F|  |TAMS 0x0000000092e00000, 0x0000000092e00000| Untracked 
|  23|0x0000000092f00000, 0x0000000092f00000, 0x0000000093000000|  0%| F|  |TAMS 0x0000000092f00000, 0x0000000092f00000| Untracked 
|  24|0x0000000093000000, 0x0000000093000000, 0x0000000093100000|  0%| F|  |TAMS 0x0000000093000000, 0x0000000093000000| Untracked 
|  25|0x0000000093100000, 0x0000000093100000, 0x0000000093200000|  0%| F|  |TAMS 0x0000000093100000, 0x0000000093100000| Untracked 
|  26|0x0000000093200000, 0x0000000093200000, 0x0000000093300000|  0%| F|  |TAMS 0x0000000093200000, 0x0000000093200000| Untracked 
|  27|0x0000000093300000, 0x0000000093300000, 0x0000000093400000|  0%| F|  |TAMS 0x0000000093300000, 0x0000000093300000| Untracked 
|  28|0x0000000093400000, 0x0000000093400000, 0x0000000093500000|  0%| F|  |TAMS 0x0000000093400000, 0x0000000093400000| Untracked 
|  29|0x0000000093500000, 0x0000000093500000, 0x0000000093600000|  0%| F|  |TAMS 0x0000000093500000, 0x0000000093500000| Untracked 
|  30|0x0000000093600000, 0x0000000093600000, 0x0000000093700000|  0%| F|  |TAMS 0x0000000093600000, 0x0000000093600000| Untracked 
|  31|0x0000000093700000, 0x0000000093700000, 0x0000000093800000|  0%| F|  |TAMS 0x0000000093700000, 0x0000000093700000| Untracked 
|  32|0x0000000093800000, 0x0000000093800000, 0x0000000093900000|  0%| F|  |TAMS 0x0000000093800000, 0x0000000093800000| Untracked 
|  33|0x0000000093900000, 0x0000000093900000, 0x0000000093a00000|  0%| F|  |TAMS 0x0000000093900000, 0x0000000093900000| Untracked 
|  34|0x0000000093a00000, 0x0000000093a00000, 0x0000000093b00000|  0%| F|  |TAMS 0x0000000093a00000, 0x0000000093a00000| Untracked 
|  35|0x0000000093b00000, 0x0000000093b00000, 0x0000000093c00000|  0%| F|  |TAMS 0x0000000093b00000, 0x0000000093b00000| Untracked 
|  36|0x0000000093c00000, 0x0000000093c00000, 0x0000000093d00000|  0%| F|  |TAMS 0x0000000093c00000, 0x0000000093c00000| Untracked 
|  37|0x0000000093d00000, 0x0000000093d00000, 0x0000000093e00000|  0%| F|  |TAMS 0x0000000093d00000, 0x0000000093d00000| Untracked 
|  38|0x0000000093e00000, 0x0000000093e00000, 0x0000000093f00000|  0%| F|  |TAMS 0x0000000093e00000, 0x0000000093e00000| Untracked 
|  39|0x0000000093f00000, 0x0000000093f00000, 0x0000000094000000|  0%| F|  |TAMS 0x0000000093f00000, 0x0000000093f00000| Untracked 
|  40|0x0000000094000000, 0x0000000094000000, 0x0000000094100000|  0%| F|  |TAMS 0x0000000094000000, 0x0000000094000000| Untracked 
|  41|0x0000000094100000, 0x0000000094100000, 0x0000000094200000|  0%| F|  |TAMS 0x0000000094100000, 0x0000000094100000| Untracked 
|  42|0x0000000094200000, 0x0000000094200000, 0x0000000094300000|  0%| F|  |TAMS 0x0000000094200000, 0x0000000094200000| Untracked 
|  43|0x0000000094300000, 0x0000000094300000, 0x0000000094400000|  0%| F|  |TAMS 0x0000000094300000, 0x0000000094300000| Untracked 
|  44|0x0000000094400000, 0x0000000094400000, 0x0000000094500000|  0%| F|  |TAMS 0x0000000094400000, 0x0000000094400000| Untracked 
|  45|0x0000000094500000, 0x0000000094500000, 0x0000000094600000|  0%| F|  |TAMS 0x0000000094500000, 0x0000000094500000| Untracked 
|  46|0x0000000094600000, 0x0000000094600000, 0x0000000094700000|  0%| F|  |TAMS 0x0000000094600000, 0x0000000094600000| Untracked 
|  47|0x0000000094700000, 0x0000000094700000, 0x0000000094800000|  0%| F|  |TAMS 0x0000000094700000, 0x0000000094700000| Untracked 
|  48|0x0000000094800000, 0x0000000094800000, 0x0000000094900000|  0%| F|  |TAMS 0x0000000094800000, 0x0000000094800000| Untracked 
|  49|0x0000000094900000, 0x0000000094900000, 0x0000000094a00000|  0%| F|  |TAMS 0x0000000094900000, 0x0000000094900000| Untracked 
|  50|0x0000000094a00000, 0x0000000094a00000, 0x0000000094b00000|  0%| F|  |TAMS 0x0000000094a00000, 0x0000000094a00000| Untracked 
|  51|0x0000000094b00000, 0x0000000094b00000, 0x0000000094c00000|  0%| F|  |TAMS 0x0000000094b00000, 0x0000000094b00000| Untracked 
|  52|0x0000000094c00000, 0x0000000094c00000, 0x0000000094d00000|  0%| F|  |TAMS 0x0000000094c00000, 0x0000000094c00000| Untracked 
|  53|0x0000000094d00000, 0x0000000094d00000, 0x0000000094e00000|  0%| F|  |TAMS 0x0000000094d00000, 0x0000000094d00000| Untracked 
|  54|0x0000000094e00000, 0x0000000094e00000, 0x0000000094f00000|  0%| F|  |TAMS 0x0000000094e00000, 0x0000000094e00000| Untracked 
|  55|0x0000000094f00000, 0x0000000094f00000, 0x0000000095000000|  0%| F|  |TAMS 0x0000000094f00000, 0x0000000094f00000| Untracked 
|  56|0x0000000095000000, 0x0000000095000000, 0x0000000095100000|  0%| F|  |TAMS 0x0000000095000000, 0x0000000095000000| Untracked 
|  57|0x0000000095100000, 0x0000000095100000, 0x0000000095200000|  0%| F|  |TAMS 0x0000000095100000, 0x0000000095100000| Untracked 
|  58|0x0000000095200000, 0x0000000095200000, 0x0000000095300000|  0%| F|  |TAMS 0x0000000095200000, 0x0000000095200000| Untracked 
|  59|0x0000000095300000, 0x0000000095300000, 0x0000000095400000|  0%| F|  |TAMS 0x0000000095300000, 0x0000000095300000| Untracked 
|  60|0x0000000095400000, 0x0000000095400000, 0x0000000095500000|  0%| F|  |TAMS 0x0000000095400000, 0x0000000095400000| Untracked 
|  61|0x0000000095500000, 0x0000000095500000, 0x0000000095600000|  0%| F|  |TAMS 0x0000000095500000, 0x0000000095500000| Untracked 
|  62|0x0000000095600000, 0x0000000095600000, 0x0000000095700000|  0%| F|  |TAMS 0x0000000095600000, 0x0000000095600000| Untracked 
|  63|0x0000000095700000, 0x0000000095700000, 0x0000000095800000|  0%| F|  |TAMS 0x0000000095700000, 0x0000000095700000| Untracked 
|  64|0x0000000095800000, 0x0000000095800000, 0x0000000095900000|  0%| F|  |TAMS 0x0000000095800000, 0x0000000095800000| Untracked 
|  65|0x0000000095900000, 0x0000000095900000, 0x0000000095a00000|  0%| F|  |TAMS 0x0000000095900000, 0x0000000095900000| Untracked 
|  66|0x0000000095a00000, 0x0000000095a00000, 0x0000000095b00000|  0%| F|  |TAMS 0x0000000095a00000, 0x0000000095a00000| Untracked 
|  67|0x0000000095b00000, 0x0000000095b00000, 0x0000000095c00000|  0%| F|  |TAMS 0x0000000095b00000, 0x0000000095b00000| Untracked 
|  68|0x0000000095c00000, 0x0000000095c00000, 0x0000000095d00000|  0%| F|  |TAMS 0x0000000095c00000, 0x0000000095c00000| Untracked 
|  69|0x0000000095d00000, 0x0000000095d00000, 0x0000000095e00000|  0%| F|  |TAMS 0x0000000095d00000, 0x0000000095d00000| Untracked 
|  70|0x0000000095e00000, 0x0000000095e00000, 0x0000000095f00000|  0%| F|  |TAMS 0x0000000095e00000, 0x0000000095e00000| Untracked 
|  71|0x0000000095f00000, 0x0000000095f00000, 0x0000000096000000|  0%| F|  |TAMS 0x0000000095f00000, 0x0000000095f00000| Untracked 
|  72|0x0000000096000000, 0x0000000096000000, 0x0000000096100000|  0%| F|  |TAMS 0x0000000096000000, 0x0000000096000000| Untracked 
|  73|0x0000000096100000, 0x0000000096100000, 0x0000000096200000|  0%| F|  |TAMS 0x0000000096100000, 0x0000000096100000| Untracked 
|  74|0x0000000096200000, 0x0000000096200000, 0x0000000096300000|  0%| F|  |TAMS 0x0000000096200000, 0x0000000096200000| Untracked 
|  75|0x0000000096300000, 0x0000000096300000, 0x0000000096400000|  0%| F|  |TAMS 0x0000000096300000, 0x0000000096300000| Untracked 
|  76|0x0000000096400000, 0x0000000096400000, 0x0000000096500000|  0%| F|  |TAMS 0x0000000096400000, 0x0000000096400000| Untracked 
|  77|0x0000000096500000, 0x0000000096500000, 0x0000000096600000|  0%| F|  |TAMS 0x0000000096500000, 0x0000000096500000| Untracked 
|  78|0x0000000096600000, 0x0000000096600000, 0x0000000096700000|  0%| F|  |TAMS 0x0000000096600000, 0x0000000096600000| Untracked 
|  79|0x0000000096700000, 0x0000000096700000, 0x0000000096800000|  0%| F|  |TAMS 0x0000000096700000, 0x0000000096700000| Untracked 
|  80|0x0000000096800000, 0x0000000096800000, 0x0000000096900000|  0%| F|  |TAMS 0x0000000096800000, 0x0000000096800000| Untracked 
|  81|0x0000000096900000, 0x0000000096900000, 0x0000000096a00000|  0%| F|  |TAMS 0x0000000096900000, 0x0000000096900000| Untracked 
|  82|0x0000000096a00000, 0x0000000096a00000, 0x0000000096b00000|  0%| F|  |TAMS 0x0000000096a00000, 0x0000000096a00000| Untracked 
|  83|0x0000000096b00000, 0x0000000096b00000, 0x0000000096c00000|  0%| F|  |TAMS 0x0000000096b00000, 0x0000000096b00000| Untracked 
|  84|0x0000000096c00000, 0x0000000096c00000, 0x0000000096d00000|  0%| F|  |TAMS 0x0000000096c00000, 0x0000000096c00000| Untracked 
|  85|0x0000000096d00000, 0x0000000096d00000, 0x0000000096e00000|  0%| F|  |TAMS 0x0000000096d00000, 0x0000000096d00000| Untracked 
|  86|0x0000000096e00000, 0x0000000096e00000, 0x0000000096f00000|  0%| F|  |TAMS 0x0000000096e00000, 0x0000000096e00000| Untracked 
|  87|0x0000000096f00000, 0x0000000096f00000, 0x0000000097000000|  0%| F|  |TAMS 0x0000000096f00000, 0x0000000096f00000| Untracked 
|  88|0x0000000097000000, 0x0000000097000000, 0x0000000097100000|  0%| F|  |TAMS 0x0000000097000000, 0x0000000097000000| Untracked 
|  89|0x0000000097100000, 0x0000000097100000, 0x0000000097200000|  0%| F|  |TAMS 0x0000000097100000, 0x0000000097100000| Untracked 
|  90|0x0000000097200000, 0x0000000097200000, 0x0000000097300000|  0%| F|  |TAMS 0x0000000097200000, 0x0000000097200000| Untracked 
|  91|0x0000000097300000, 0x0000000097300000, 0x0000000097400000|  0%| F|  |TAMS 0x0000000097300000, 0x0000000097300000| Untracked 
|  92|0x0000000097400000, 0x00000000974ec0e0, 0x0000000097500000| 92%| E|  |TAMS 0x0000000097400000, 0x0000000097400000| Complete 
|  93|0x0000000097500000, 0x0000000097600000, 0x0000000097600000|100%| E|CS|TAMS 0x0000000097500000, 0x0000000097500000| Complete 
|  94|0x0000000097600000, 0x0000000097700000, 0x0000000097700000|100%| E|CS|TAMS 0x0000000097600000, 0x0000000097600000| Complete 
|  95|0x0000000097700000, 0x0000000097800000, 0x0000000097800000|100%| E|CS|TAMS 0x0000000097700000, 0x0000000097700000| Complete 
|  96|0x0000000097800000, 0x0000000097900000, 0x0000000097900000|100%| E|CS|TAMS 0x0000000097800000, 0x0000000097800000| Complete 
|  97|0x0000000097900000, 0x0000000097a00000, 0x0000000097a00000|100%| E|CS|TAMS 0x0000000097900000, 0x0000000097900000| Complete 
|  98|0x0000000097a00000, 0x0000000097b00000, 0x0000000097b00000|100%| E|CS|TAMS 0x0000000097a00000, 0x0000000097a00000| Complete 
|  99|0x0000000097b00000, 0x0000000097c00000, 0x0000000097c00000|100%| E|CS|TAMS 0x0000000097b00000, 0x0000000097b00000| Complete 
| 100|0x0000000097c00000, 0x0000000097d00000, 0x0000000097d00000|100%| E|CS|TAMS 0x0000000097c00000, 0x0000000097c00000| Complete 
| 101|0x0000000097d00000, 0x0000000097e00000, 0x0000000097e00000|100%| E|CS|TAMS 0x0000000097d00000, 0x0000000097d00000| Complete 
| 102|0x0000000097e00000, 0x0000000097f00000, 0x0000000097f00000|100%| E|CS|TAMS 0x0000000097e00000, 0x0000000097e00000| Complete 
| 103|0x0000000097f00000, 0x0000000098000000, 0x0000000098000000|100%| E|CS|TAMS 0x0000000097f00000, 0x0000000097f00000| Complete 
| 104|0x0000000098000000, 0x0000000098100000, 0x0000000098100000|100%| E|CS|TAMS 0x0000000098000000, 0x0000000098000000| Complete 
| 105|0x0000000098100000, 0x0000000098200000, 0x0000000098200000|100%| E|CS|TAMS 0x0000000098100000, 0x0000000098100000| Complete 
| 106|0x0000000098200000, 0x0000000098300000, 0x0000000098300000|100%| E|CS|TAMS 0x0000000098200000, 0x0000000098200000| Complete 
| 107|0x0000000098300000, 0x0000000098400000, 0x0000000098400000|100%| E|CS|TAMS 0x0000000098300000, 0x0000000098300000| Complete 
| 108|0x0000000098400000, 0x0000000098500000, 0x0000000098500000|100%| E|CS|TAMS 0x0000000098400000, 0x0000000098400000| Complete 
| 109|0x0000000098500000, 0x0000000098600000, 0x0000000098600000|100%| E|CS|TAMS 0x0000000098500000, 0x0000000098500000| Complete 
| 110|0x0000000098600000, 0x0000000098700000, 0x0000000098700000|100%| E|CS|TAMS 0x0000000098600000, 0x0000000098600000| Complete 
| 111|0x0000000098700000, 0x0000000098800000, 0x0000000098800000|100%| E|CS|TAMS 0x0000000098700000, 0x0000000098700000| Complete 

Card table byte_map: [0x0000024a766b0000,0x0000024a76a30000] _byte_map_base: 0x0000024a76224000

Marking Bits (Prev, Next): (CMBitMap*) 0x0000024a6e72c990, (CMBitMap*) 0x0000024a6e72c9d0
 Prev Bits: [0x0000024a76db0000, 0x0000024a78950000)
 Next Bits: [0x0000024a78950000, 0x0000024a7a4f0000)

Polling page: 0x0000024a6c830000

Metaspace:

Usage:
  Non-class:      3.28 MB used.
      Class:    381.94 KB used.
       Both:      3.66 MB used.

Virtual space:
  Non-class space:       64.00 MB reserved,       3.38 MB (  5%) committed,  1 nodes.
      Class space:        1.00 GB reserved,     448.00 KB ( <1%) committed,  1 nodes.
             Both:        1.06 GB reserved,       3.81 MB ( <1%) committed. 

Chunk freelists:
   Non-Class:  2.55 MB
       Class:  3.51 MB
        Both:  6.05 MB

MaxMetaspaceSize: unlimited
CompressedClassSpaceSize: 1.00 GB
Initial GC threshold: 21.00 MB
Current GC threshold: 21.00 MB
CDS: on
MetaspaceReclaimPolicy: balanced
 - commit_granule_bytes: 65536.
 - commit_granule_words: 8192.
 - virtual_space_node_default_size: 8388608.
 - enlarge_chunks_in_place: 1.
 - new_chunks_are_fully_committed: 0.
 - uncommit_free_chunks: 1.
 - use_allocation_guard: 0.


Internal statistics:

num_allocs_failed_limit: 0.
num_arena_births: 66.
num_arena_deaths: 0.
num_vsnodes_births: 2.
num_vsnodes_deaths: 0.
num_space_committed: 61.
num_space_uncommitted: 0.
num_chunks_returned_to_freelist: 0.
num_chunks_taken_from_freelist: 146.
num_chunk_merges: 0.
num_chunk_splits: 103.
num_chunks_enlarged: 73.
num_inconsistent_stats: 0.

CodeHeap 'non-profiled nmethods': size=120000Kb used=297Kb max_used=297Kb free=119702Kb
 bounds [0x0000024a07ad0000, 0x0000024a07d40000, 0x0000024a0f000000]
CodeHeap 'profiled nmethods': size=120000Kb used=1602Kb max_used=1602Kb free=118397Kb
 bounds [0x0000024a005a0000, 0x0000024a00810000, 0x0000024a07ad0000]
CodeHeap 'non-nmethods': size=5760Kb used=1152Kb max_used=1175Kb free=4607Kb
 bounds [0x0000024a00000000, 0x0000024a00270000, 0x0000024a005a0000]
 total_blobs=1354 nmethods=923 adapters=344
 compilation: enabled
              stopped_count=0, restarted_count=0
 full_count=0

Compilation events (20 events):
Event: 110.570 Thread 0x0000024a7cee1be0 nmethod 915 0x0000024a0072d010 code [0x0000024a0072d1c0, 0x0000024a0072d3e8]
Event: 110.570 Thread 0x0000024a7cee1be0  916       3       java.util.concurrent.ConcurrentHashMap$KeyIterator::<init> (12 bytes)
Event: 110.570 Thread 0x0000024a7cee1be0 nmethod 916 0x0000024a0072d510 code [0x0000024a0072d6a0, 0x0000024a0072d7e8]
Event: 110.570 Thread 0x0000024a7cee1be0  917       3       com.google.common.collect.AbstractMapBasedMultimap$WrappedCollection::iterator (13 bytes)
Event: 110.571 Thread 0x0000024a7cee1be0 nmethod 917 0x0000024a0072d890 code [0x0000024a0072da40, 0x0000024a0072dc98]
Event: 110.571 Thread 0x0000024a7cee1be0  918       3       com.google.common.collect.AbstractMapBasedMultimap$WrappedCollection$WrappedIterator::<init> (36 bytes)
Event: 110.571 Thread 0x0000024a7cee1be0 nmethod 918 0x0000024a0072dd90 code [0x0000024a0072df80, 0x0000024a0072e6d8]
Event: 110.571 Thread 0x0000024a7cee1be0  919       3       com.google.common.collect.AbstractMapBasedMultimap::access$100 (6 bytes)
Event: 110.572 Thread 0x0000024a7cee1be0 nmethod 919 0x0000024a0072e890 code [0x0000024a0072ea60, 0x0000024a0072efd8]
Event: 110.572 Thread 0x0000024a7cee1be0  923       3       java.lang.StringLatin1::lastIndexOf (125 bytes)
Event: 110.573 Thread 0x0000024a7cee1be0 nmethod 923 0x0000024a0072f110 code [0x0000024a0072f2e0, 0x0000024a0072f778]
Event: 110.573 Thread 0x0000024a7cee1be0  920       3       com.google.common.collect.AbstractMapBasedMultimap::iteratorOrListIterator (26 bytes)
Event: 110.573 Thread 0x0000024a7cee1be0 nmethod 920 0x0000024a0072fa10 code [0x0000024a0072fbe0, 0x0000024a00730118]
Event: 110.573 Thread 0x0000024a7cee1be0  921       3       java.util.Collections$SetFromMap::iterator (10 bytes)
Event: 110.573 Thread 0x0000024a7cee1be0 nmethod 921 0x0000024a00730210 code [0x0000024a007303c0, 0x0000024a00730588]
Event: 110.573 Thread 0x0000024a7cee1be0  922       1       java.util.Collections$SingletonList::size (2 bytes)
Event: 110.573 Thread 0x0000024a7cee1be0 nmethod 922 0x0000024a07b1a210 code [0x0000024a07b1a3a0, 0x0000024a07b1a478]
Event: 110.574 Thread 0x0000024a7cee1be0  924       3       sun.net.www.protocol.file.Handler::parseURL (18 bytes)
Event: 110.574 Thread 0x0000024a7cee1be0 nmethod 924 0x0000024a00730690 code [0x0000024a00730840, 0x0000024a007309f8]
Event: 110.574 Thread 0x0000024a7cee1be0  925       3       java.net.URLStreamHandler::parseURL (1124 bytes)

GC Heap History (0 events):
No events

Deoptimization events (20 events):
Event: 89.932 Thread 0x0000024a6c4c5950 Uncommon trap: trap_request=0xffffff45 fr.pc=0x0000024a07afab5c relative=0x000000000000157c
Event: 89.932 Thread 0x0000024a6c4c5950 Uncommon trap: reason=unstable_if action=reinterpret pc=0x0000024a07afab5c method=java.lang.String.<init>([CIILjava/lang/Void;)V @ 5 c2
Event: 89.932 Thread 0x0000024a6c4c5950 DEOPT PACKING pc=0x0000024a07afab5c sp=0x0000008dad4fe9d0
Event: 89.932 Thread 0x0000024a6c4c5950 DEOPT UNPACKING pc=0x0000024a000523a3 sp=0x0000008dad4fe8b0 mode 2
Event: 103.823 Thread 0x0000024a6c4c5950 Uncommon trap: trap_request=0xffffffde fr.pc=0x0000024a07b14cac relative=0x000000000000010c
Event: 103.823 Thread 0x0000024a6c4c5950 Uncommon trap: reason=class_check action=maybe_recompile pc=0x0000024a07b14cac method=jdk.internal.misc.Unsafe.allocateUninitializedArray(Ljava/lang/Class;I)Ljava/lang/Object; @ 51 c2
Event: 103.823 Thread 0x0000024a6c4c5950 DEOPT PACKING pc=0x0000024a07b14cac sp=0x0000008dad4feb30
Event: 103.823 Thread 0x0000024a6c4c5950 DEOPT UNPACKING pc=0x0000024a000523a3 sp=0x0000008dad4feab8 mode 2
Event: 103.823 Thread 0x0000024a6c4c5950 Uncommon trap: trap_request=0xffffffde fr.pc=0x0000024a07b14cac relative=0x000000000000010c
Event: 103.823 Thread 0x0000024a6c4c5950 Uncommon trap: reason=class_check action=maybe_recompile pc=0x0000024a07b14cac method=jdk.internal.misc.Unsafe.allocateUninitializedArray(Ljava/lang/Class;I)Ljava/lang/Object; @ 51 c2
Event: 103.823 Thread 0x0000024a6c4c5950 DEOPT PACKING pc=0x0000024a07b14cac sp=0x0000008dad4feb40
Event: 103.823 Thread 0x0000024a6c4c5950 DEOPT UNPACKING pc=0x0000024a000523a3 sp=0x0000008dad4feac8 mode 2
Event: 103.823 Thread 0x0000024a6c4c5950 Uncommon trap: trap_request=0xffffffde fr.pc=0x0000024a07b14cac relative=0x000000000000010c
Event: 103.823 Thread 0x0000024a6c4c5950 Uncommon trap: reason=class_check action=maybe_recompile pc=0x0000024a07b14cac method=jdk.internal.misc.Unsafe.allocateUninitializedArray(Ljava/lang/Class;I)Ljava/lang/Object; @ 51 c2
Event: 103.823 Thread 0x0000024a6c4c5950 DEOPT PACKING pc=0x0000024a07b14cac sp=0x0000008dad4fec70
Event: 103.823 Thread 0x0000024a6c4c5950 DEOPT UNPACKING pc=0x0000024a000523a3 sp=0x0000008dad4febf8 mode 2
Event: 103.823 Thread 0x0000024a6c4c5950 Uncommon trap: trap_request=0xffffffde fr.pc=0x0000024a07b14cac relative=0x000000000000010c
Event: 103.823 Thread 0x0000024a6c4c5950 Uncommon trap: reason=class_check action=maybe_recompile pc=0x0000024a07b14cac method=jdk.internal.misc.Unsafe.allocateUninitializedArray(Ljava/lang/Class;I)Ljava/lang/Object; @ 51 c2
Event: 103.823 Thread 0x0000024a6c4c5950 DEOPT PACKING pc=0x0000024a07b14cac sp=0x0000008dad4fec70
Event: 103.823 Thread 0x0000024a6c4c5950 DEOPT UNPACKING pc=0x0000024a000523a3 sp=0x0000008dad4febf8 mode 2

Classes loaded (20 events):
Event: 89.912 Loading class jdk/internal/reflect/MethodHandleBooleanFieldAccessorImpl
Event: 89.913 Loading class jdk/internal/reflect/MethodHandleBooleanFieldAccessorImpl done
Event: 89.917 Loading class java/util/LinkedList$ListItr
Event: 89.918 Loading class java/util/LinkedList$ListItr done
Event: 89.943 Loading class java/util/Formatter$FixedString
Event: 89.944 Loading class java/util/Formatter$FixedString done
Event: 103.626 Loading class jdk/internal/reflect/MethodHandleIntegerFieldAccessorImpl
Event: 103.627 Loading class jdk/internal/reflect/MethodHandleIntegerFieldAccessorImpl done
Event: 103.804 Loading class sun/reflect/generics/repository/FieldRepository
Event: 103.804 Loading class sun/reflect/generics/repository/FieldRepository done
Event: 103.805 Loading class sun/reflect/generics/reflectiveObjects/ParameterizedTypeImpl
Event: 103.805 Loading class sun/reflect/generics/reflectiveObjects/ParameterizedTypeImpl done
Event: 103.806 Loading class sun/reflect/generics/reflectiveObjects/TypeVariableImpl
Event: 103.806 Loading class sun/reflect/generics/reflectiveObjects/LazyReflectiveObjectGenerator
Event: 103.807 Loading class sun/reflect/generics/reflectiveObjects/LazyReflectiveObjectGenerator done
Event: 103.807 Loading class sun/reflect/generics/reflectiveObjects/TypeVariableImpl done
Event: 103.873 Loading class sun/reflect/generics/tree/TypeVariableSignature
Event: 103.873 Loading class sun/reflect/generics/tree/TypeVariableSignature done
Event: 103.875 Loading class sun/reflect/misc/ReflectUtil
Event: 103.875 Loading class sun/reflect/misc/ReflectUtil done

Classes unloaded (0 events):
No events

Classes redefined (0 events):
No events

Internal exceptions (9 events):
Event: 0.204 Thread 0x0000024a6e6d2350 Exception <a 'java/lang/NoSuchMethodError'{0x00000000986fe6d0}: 'void java.lang.invoke.DirectMethodHandle$Holder.invokeStatic(java.lang.Object, java.lang.Object, java.lang.Object)'> (0x00000000986fe6d0) 
thrown [s\open\src\hotspot\share\interpreter\linkResolver.cpp, line 766]
Event: 0.212 Thread 0x0000024a6e6d2350 Exception <a 'java/lang/NoSuchMethodError'{0x00000000985178a8}: 'java.lang.Object java.lang.invoke.Invokers$Holder.invokeExact_MT(java.lang.Object, java.lang.Object, java.lang.Object, java.lang.Object, java.lang.Object)'> (0x00000000985178a8) 
thrown [s\open\src\hotspot\share\interpreter\linkResolver.cpp, line 766]
Event: 0.237 Thread 0x0000024a6e6d2350 Exception <a 'java/lang/NoSuchMethodError'{0x000000009852ccc0}: 'void java.lang.invoke.DirectMethodHandle$Holder.invokeStatic(java.lang.Object, java.lang.Object)'> (0x000000009852ccc0) 
thrown [s\open\src\hotspot\share\interpreter\linkResolver.cpp, line 766]
Event: 0.237 Thread 0x0000024a7d236b60 Exception <a 'java/lang/NoSuchMethodError'{0x000000009857b570}: 'void java.lang.invoke.DirectMethodHandle$Holder.invokeStatic(java.lang.Object, java.lang.Object)'> (0x000000009857b570) 
thrown [s\open\src\hotspot\share\interpreter\linkResolver.cpp, line 766]
Event: 1.507 Thread 0x0000024a7ced2970 Exception <a 'java/lang/NoSuchMethodError'{0x00000000984edf98}: 'java.lang.Object java.lang.invoke.Invokers$Holder.invokeExact_MT(java.lang.Object, java.lang.Object, java.lang.Object, java.lang.Object, java.lang.Object, java.lang.Object)'> (0x00000000984edf98) 
thrown [s\open\src\hotspot\share\interpreter\linkResolver.cpp, line 766]
Event: 89.630 Thread 0x0000024a6c4c5950 Exception <a 'java/lang/NoSuchMethodError'{0x0000000098147e70}: 'void java.lang.invoke.Invokers$Holder.invokeExact_MT(java.lang.Object, java.lang.Object, java.lang.Object, java.lang.Object)'> (0x0000000098147e70) 
thrown [s\open\src\hotspot\share\interpreter\linkResolver.cpp, line 766]
Event: 89.913 Thread 0x0000024a6c4c5950 Exception <a 'java/lang/NoSuchMethodError'{0x0000000097eb61a0}: 'int java.lang.invoke.DirectMethodHandle$Holder.invokeSpecial(java.lang.Object, java.lang.Object, java.lang.Object)'> (0x0000000097eb61a0) 
thrown [s\open\src\hotspot\share\interpreter\linkResolver.cpp, line 766]
Event: 89.915 Thread 0x0000024a6c4c5950 Exception <a 'java/lang/NoSuchMethodError'{0x0000000097ec0f70}: 'void java.lang.invoke.DelegatingMethodHandle$Holder.reinvoke_L(java.lang.Object, java.lang.Object, int)'> (0x0000000097ec0f70) 
thrown [s\open\src\hotspot\share\interpreter\linkResolver.cpp, line 766]
Event: 89.947 Thread 0x0000024a6c4c5950 Exception <a 'java/lang/NoSuchMethodError'{0x0000000097d4d2f8}: 'int java.lang.invoke.Invokers$Holder.invokeExact_MT(java.lang.Object, java.lang.Object, java.lang.Object)'> (0x0000000097d4d2f8) 
thrown [s\open\src\hotspot\share\interpreter\linkResolver.cpp, line 766]

VM Operations (20 events):
Event: 0.227 Executing VM operation: HandshakeAllThreads
Event: 0.227 Executing VM operation: HandshakeAllThreads done
Event: 1.227 Executing VM operation: Cleanup
Event: 1.227 Executing VM operation: Cleanup done
Event: 2.228 Executing VM operation: Cleanup
Event: 2.228 Executing VM operation: Cleanup done
Event: 89.829 Executing VM operation: HandshakeAllThreads
Event: 89.830 Executing VM operation: HandshakeAllThreads done
Event: 89.830 Executing VM operation: Cleanup
Event: 89.830 Executing VM operation: Cleanup done
Event: 90.831 Executing VM operation: Cleanup
Event: 90.831 Executing VM operation: Cleanup done
Event: 100.832 Executing VM operation: Cleanup
Event: 100.832 Executing VM operation: Cleanup done
Event: 103.833 Executing VM operation: Cleanup
Event: 103.833 Executing VM operation: Cleanup done
Event: 105.834 Executing VM operation: Cleanup
Event: 105.834 Executing VM operation: Cleanup done
Event: 109.836 Executing VM operation: Cleanup
Event: 109.836 Executing VM operation: Cleanup done

Events (20 events):
Event: 0.070 Thread 0x0000024a7ced20c0 Thread added: 0x0000024a7ced20c0
Event: 0.071 Thread 0x0000024a7ced2970 Thread added: 0x0000024a7ced2970
Event: 0.071 Thread 0x0000024a7ced3220 Thread added: 0x0000024a7ced3220
Event: 0.071 Thread 0x0000024a7cedc430 Thread added: 0x0000024a7cedc430
Event: 0.071 Thread 0x0000024a7cee0650 Thread added: 0x0000024a7cee0650
Event: 0.072 Thread 0x0000024a7cee1be0 Thread added: 0x0000024a7cee1be0
Event: 0.072 Thread 0x0000024a7cee66f0 Thread added: 0x0000024a7cee66f0
Event: 0.118 Thread 0x0000024a7d0e11a0 Thread added: 0x0000024a7d0e11a0
Event: 0.158 Loaded shared library C:\Users\HONOR\.jdks\openjdk-18.0.1.1\bin\zip.dll
Event: 0.162 Loaded shared library C:\Users\HONOR\.jdks\openjdk-18.0.1.1\bin\instrument.dll
Event: 0.175 Loaded shared library C:\Users\HONOR\.jdks\openjdk-18.0.1.1\bin\net.dll
Event: 0.180 Loaded shared library C:\Users\HONOR\.jdks\openjdk-18.0.1.1\bin\nio.dll
Event: 0.187 Loaded shared library C:\Users\HONOR\.jdks\openjdk-18.0.1.1\bin\zip.dll
Event: 0.220 Loaded shared library D:\IntelliJ IDEA 2021.3.3\bin\breakgen64.dll
Event: 0.221 Thread 0x0000024a7d236b60 Thread added: 0x0000024a7d236b60
Event: 0.221 Thread 0x0000024a7d26df90 Thread added: 0x0000024a7d26df90
Event: 1.442 Loaded shared library C:\Users\HONOR\.jdks\openjdk-18.0.1.1\bin\jimage.dll
Event: 89.371 Thread 0x0000024a6c4c5950 Thread added: 0x0000024a6c4c5950
Event: 89.640 Loaded shared library C:\Users\HONOR\.jdks\openjdk-18.0.1.1\bin\verify.dll
Event: 100.722 Thread 0x0000024a7d56b250 Thread added: 0x0000024a7d56b250


Dynamic libraries:
0x00007ff6b2cf0000 - 0x00007ff6b2cfe000 	C:\Users\HONOR\.jdks\openjdk-18.0.1.1\bin\java.exe
0x00007ffa2a080000 - 0x00007ffa2a270000 	C:\WINDOWS\SYSTEM32\ntdll.dll
0x00007ffa29280000 - 0x00007ffa29332000 	C:\WINDOWS\System32\KERNEL32.DLL
0x00007ffa27cc0000 - 0x00007ffa27f65000 	C:\WINDOWS\System32\KERNELBASE.dll
0x00007ffa27440000 - 0x00007ffa2753a000 	C:\WINDOWS\System32\ucrtbase.dll
0x00007ffa1f3e0000 - 0x00007ffa1f3f7000 	C:\Users\HONOR\.jdks\openjdk-18.0.1.1\bin\jli.dll
0x00007ffa1f3c0000 - 0x00007ffa1f3da000 	C:\Users\HONOR\.jdks\openjdk-18.0.1.1\bin\VCRUNTIME140.dll
0x00007ffa29470000 - 0x00007ffa29604000 	C:\WINDOWS\System32\USER32.dll
0x00007ffa28080000 - 0x00007ffa280a1000 	C:\WINDOWS\System32\win32u.dll
0x00007ffa15c70000 - 0x00007ffa15ef4000 	C:\WINDOWS\WinSxS\amd64_microsoft.windows.common-controls_6595b64144ccf1df_6.0.18362.1556_none_9e7e372fe45e41d5\COMCTL32.dll
0x00007ffa288a0000 - 0x00007ffa288c6000 	C:\WINDOWS\System32\GDI32.dll
0x00007ffa29120000 - 0x00007ffa291be000 	C:\WINDOWS\System32\msvcrt.dll
0x00007ffa26ff0000 - 0x00007ffa27188000 	C:\WINDOWS\System32\gdi32full.dll
0x00007ffa27240000 - 0x00007ffa272de000 	C:\WINDOWS\System32\msvcp_win.dll
0x00007ffa29cd0000 - 0x00007ffa2a006000 	C:\WINDOWS\System32\combase.dll
0x00007ffa29a10000 - 0x00007ffa29b2f000 	C:\WINDOWS\System32\RPCRT4.dll
0x00007ffa27ff0000 - 0x00007ffa28071000 	C:\WINDOWS\System32\bcryptPrimitives.dll
0x00007ffa299e0000 - 0x00007ffa29a0e000 	C:\WINDOWS\System32\IMM32.DLL
0x00007ffa21f70000 - 0x00007ffa21f7c000 	C:\Users\HONOR\.jdks\openjdk-18.0.1.1\bin\vcruntime140_1.dll
0x00007ff9f1f60000 - 0x00007ff9f1fed000 	C:\Users\HONOR\.jdks\openjdk-18.0.1.1\bin\msvcp140.dll
0x00007ff9ef360000 - 0x00007ff9eff70000 	C:\Users\HONOR\.jdks\openjdk-18.0.1.1\bin\server\jvm.dll
0x00007ffa293c0000 - 0x00007ffa29463000 	C:\WINDOWS\System32\ADVAPI32.dll
0x00007ffa29b30000 - 0x00007ffa29bc7000 	C:\WINDOWS\System32\sechost.dll
0x00007ffa29bf0000 - 0x00007ffa29bf8000 	C:\WINDOWS\System32\PSAPI.DLL
0x00007ffa1dc90000 - 0x00007ffa1dc9a000 	C:\WINDOWS\SYSTEM32\VERSION.dll
0x00007ffa11aa0000 - 0x00007ffa11aa9000 	C:\WINDOWS\SYSTEM32\WSOCK32.dll
0x00007ffa24e60000 - 0x00007ffa24e84000 	C:\WINDOWS\SYSTEM32\WINMM.dll
0x00007ffa29610000 - 0x00007ffa2967f000 	C:\WINDOWS\System32\WS2_32.dll
0x00007ffa249e0000 - 0x00007ffa24a0d000 	C:\WINDOWS\SYSTEM32\winmmbase.dll
0x00007ffa280b0000 - 0x00007ffa280fa000 	C:\WINDOWS\System32\cfgmgr32.dll
0x00007ffa26fa0000 - 0x00007ffa26fb1000 	C:\WINDOWS\System32\kernel.appcore.dll
0x00007ffa218b0000 - 0x00007ffa218ba000 	C:\Users\HONOR\.jdks\openjdk-18.0.1.1\bin\jimage.dll
0x00007ffa14600000 - 0x00007ffa147f4000 	C:\WINDOWS\SYSTEM32\DBGHELP.DLL
0x00007ffa134a0000 - 0x00007ffa134ca000 	C:\WINDOWS\SYSTEM32\dbgcore.DLL
0x00007ffa1f900000 - 0x00007ffa1f90e000 	C:\Users\HONOR\.jdks\openjdk-18.0.1.1\bin\instrument.dll
0x00007ffa1d770000 - 0x00007ffa1d795000 	C:\Users\HONOR\.jdks\openjdk-18.0.1.1\bin\java.dll
0x00007ff9ed2e0000 - 0x00007ff9ed3b6000 	C:\Users\HONOR\.jdks\openjdk-18.0.1.1\bin\jsvml.dll
0x00007ffa281b0000 - 0x00007ffa28897000 	C:\WINDOWS\System32\SHELL32.dll
0x00007ffa28100000 - 0x00007ffa281a8000 	C:\WINDOWS\System32\shcore.dll
0x00007ffa27540000 - 0x00007ffa27cbb000 	C:\WINDOWS\System32\windows.storage.dll
0x00007ffa26f60000 - 0x00007ffa26f7e000 	C:\WINDOWS\System32\profapi.dll
0x00007ffa26f10000 - 0x00007ffa26f5a000 	C:\WINDOWS\System32\powrprof.dll
0x00007ffa26f00000 - 0x00007ffa26f10000 	C:\WINDOWS\System32\UMPDC.dll
0x00007ffa29980000 - 0x00007ffa299d2000 	C:\WINDOWS\System32\shlwapi.dll
0x00007ffa27fd0000 - 0x00007ffa27fe7000 	C:\WINDOWS\System32\cryptsp.dll
0x00007ffa1cf80000 - 0x00007ffa1cf98000 	C:\Users\HONOR\.jdks\openjdk-18.0.1.1\bin\zip.dll
0x00007ffa1cf60000 - 0x00007ffa1cf73000 	C:\Users\HONOR\.jdks\openjdk-18.0.1.1\bin\net.dll
0x00007ffa19f80000 - 0x00007ffa1a07a000 	C:\WINDOWS\SYSTEM32\WINHTTP.dll
0x00007ffa266e0000 - 0x00007ffa26747000 	C:\WINDOWS\system32\mswsock.dll
0x00007ffa1cdf0000 - 0x00007ffa1ce06000 	C:\Users\HONOR\.jdks\openjdk-18.0.1.1\bin\nio.dll
0x00007ffa1cd60000 - 0x00007ffa1cd7a000 	D:\IntelliJ IDEA 2021.3.3\bin\breakgen64.dll
0x00007ffa1dcf0000 - 0x00007ffa1dd00000 	C:\Users\HONOR\.jdks\openjdk-18.0.1.1\bin\verify.dll

dbghelp: loaded successfully - version: 4.0.5 - missing functions: none
symbol engine: initialized successfully - sym options: 0x614 - pdb path: .;C:\Users\HONOR\.jdks\openjdk-18.0.1.1\bin;C:\WINDOWS\SYSTEM32;C:\WINDOWS\WinSxS\amd64_microsoft.windows.common-controls_6595b64144ccf1df_6.0.18362.1556_none_9e7e372fe45e41d5;C:\Users\HONOR\.jdks\openjdk-18.0.1.1\bin\server;D:\IntelliJ IDEA 2021.3.3\bin

VM Arguments:
jvm_args: -javaagent:D:\IntelliJ IDEA 2021.3.3\lib\idea_rt.jar=54779:D:\IntelliJ IDEA 2021.3.3\bin -Dfile.encoding=UTF-8 
java_command: com.company.Main
java_class_path (initial): C:\Users\HONOR\Downloads\GameServer\out\production\GameServer;C:\Users\HONOR\Desktop\gson-2.8.2.jar;C:\Users\HONOR\Desktop\reflections-0.9.10.jar;C:\Users\HONOR\Desktop\javassist-3.19.0-GA.jar;C:\Users\HONOR\Desktop\guava-15.0.jar;C:\Users\HONOR\Desktop\annotations-2.0.1.jar
Launcher Type: SUN_STANDARD

[Global flags]
     intx CICompilerCount                          = 4                                         {product} {ergonomic}
     uint ConcGCThreads                            = 2                                         {product} {ergonomic}
     uint G1ConcRefinementThreads                  = 8                                         {product} {ergonomic}
   size_t G1HeapRegionSize                         = 1048576                                   {product} {ergonomic}
    uintx GCDrainStackTargetSize                   = 64                                        {product} {ergonomic}
   size_t InitialHeapSize                          = 117440512                                 {product} {ergonomic}
   size_t MarkStackSize                            = 4194304                                   {product} {ergonomic}
   size_t MaxHeapSize                              = 1853882368                                {product} {ergonomic}
   size_t MaxNewSize                               = 1111490560                                {product} {ergonomic}
   size_t MinHeapDeltaBytes                        = 1048576                                   {product} {ergonomic}
   size_t MinHeapSize                              = 8388608                                   {product} {ergonomic}
    uintx NonNMethodCodeHeapSize                   = 5839372                                {pd product} {ergonomic}
    uintx NonProfiledCodeHeapSize                  = 122909434                              {pd product} {ergonomic}
    uintx ProfiledCodeHeapSize                     = 122909434                              {pd product} {ergonomic}
    uintx ReservedCodeCacheSize                    = 251658240                              {pd product} {ergonomic}
     bool SegmentedCodeCache                       = true                                      {product} {ergonomic}
   size_t SoftMaxHeapSize                          = 1853882368                             {manageable} {ergonomic}
     bool UseCompressedClassPointers               = true                           {product lp64_product} {ergonomic}
     bool UseCompressedOops                        = true                           {product lp64_product} {ergonomic}
     bool UseG1GC                                  = true                                      {product} {ergonomic}
     bool UseLargePagesIndividualAllocation        = false                                  {pd product} {ergonomic}

Logging:
Log output configuration:
 #0: stdout all=warning uptime,level,tags foldmultilines=false
 #1: stderr all=off uptime,level,tags foldmultilines=false

Environment Variables:
JAVA_HOME=C:\Program Files\Java\jdk1.8.0_231
PATH=C:\Program Files\Common Files\Oracle\Java\javapath;C:\Users\HONOR\gcc\bin;C:\Users\HONOR\gcc\libexec\gcc\x86_64-w64-mingw32\8.3.0;C:\Program Files (x86)\Common Files\Oracle\Java\javapath;C:\ProgramData\Oracle\Java\javapath;C:\WINDOWS\system32;C:\WINDOWS;C:\WINDOWS\System32\Wbem;C:\WINDOWS\System32\WindowsPowerShell\v1.0\;C:\WINDOWS\System32\OpenSSH\;C:\Program Files\Intel\WiFi\bin\;C:\Program Files\Common Files\Intel\WirelessCommon\;C:\Program Files\dotnet\;C:\Program Files\Java\jdk1.8.0_231\bin;D:\;C:\Program Files\nodejs\;C:\Program Files (x86)\dotnet\;C:\Program Files\Git\cmd;C:\Program Files\MySQL\MySQL Shell 8.0\bin\;C:\Users\HONOR\AppData\Local\Android\Sdk\platform-tools;C:\Users\HONOR\AppData\Local\Android\Sdk\tools;C:\Users\HONOR\AppData\Local\Programs\Python\Python38-32\Scripts\;C:\Users\HONOR\AppData\Local\Programs\Python\Python38-32\;C:\Program Files\Java\jdk1.8.0_231\bin;D:\Microsoft VS Code\bin;C:\Users\HONOR\.dotnet\tools;C:\Users\HONOR\AppData\Local\Microsoft\WindowsApps;C:\Program Files\Tesseract-OCR\tesseract.exe;C:\Program Files\JetBrains\PyCharm Community Edition 2020.2.3\bin;C:\Users\HONOR\.dotnet\tools;C:\Users\HONOR\AppData\Roaming\npm;C:\Users\HONOR\AppData\Local\JetBrains\Toolbox\scripts;
USERNAME=HONOR
OS=Windows_NT
PROCESSOR_IDENTIFIER=AMD64 Family 23 Model 17 Stepping 0, AuthenticAMD



---------------  S Y S T E M  ---------------

OS:
 Windows 10 , 64 bit Build 18362 (10.0.18362.1500)
OS uptime: 81 days 18:11 hours

CPU: total 8 (initial active 8) (8 cores per cpu, 2 threads per core) family 23 model 17 stepping 0 microcode 0x0, cx8, cmov, fxsr, ht, mmx, 3dnowpref, sse, sse2, sse3, ssse3, sse4a, sse4.1, sse4.2, popcnt, lzcnt, tsc, tscinvbit, avx, avx2, aes, clmul, bmi1, bmi2, adx, sha, fma, vzeroupper, clflush, clflushopt

Memory: 4k page, system-wide physical 7069M (422M free)
TotalPageFile size 20416M (AvailPageFile size 1M)
current process WorkingSet (physical memory assigned to process): 56M, peak: 56M
current process commit charge ("private bytes"): 208M, peak: 209M

vm_info: OpenJDK 64-Bit Server VM (18.0.1.1+2-6) for windows-amd64 JRE (18.0.1.1+2-6), built on Apr 25 2022 21:50:56 by "mach5one" with MS VC++ 16.8 / 16.9 (VS2019)

END.
